
==========
== CUDA ==
==========

CUDA Version 12.6.0

Container image Copyright (c) 2016-2023, NVIDIA CORPORATION & AFFILIATES. All rights reserved.

This container image and its contents are governed by the NVIDIA Deep Learning Container License.
By pulling and using the container, you accept the terms and conditions of this license:
https://developer.nvidia.com/ngc/nvidia-deep-learning-container-license

A copy of this license is made available in this container at /NGC-DL-CONTAINER-LICENSE for your convenience.

WARNING: The NVIDIA Driver was not detected.  GPU functionality will not be available.
   Use the NVIDIA Container Toolkit to start this container with GPU support; see
   https://docs.nvidia.com/datacenter/cloud-native/ .


                         MODELLER 10.6, 2024/10/17, r12888

     PROTEIN STRUCTURE MODELLING BY SATISFACTION OF SPATIAL RESTRAINTS


                     Copyright(c) 1989-2024 Andrej Sali
                            All Rights Reserved

                             Written by A. Sali
                               with help from
              B. Webb, M.S. Madhusudhan, M-Y. Shen, G.Q. Dong,
          M.A. Marti-Renom, N. Eswar, F. Alber, M. Topf, B. Oliva,
             A. Fiser, R. Sanchez, B. Yerkovich, A. Badretdinov,
                     F. Melo, J.P. Overington, E. Feyfant
                 University of California, San Francisco, USA
                    Rockefeller University, New York, USA
                      Harvard University, Cambridge, USA
                   Imperial Cancer Research Fund, London, UK
              Birkbeck College, University of London, London, UK


Kind, OS, HostName, Kernel, Processor: 4, Linux 51455e0faede 6.8.0-59-generic x86_64
Date and time of compilation         : 2024/10/17 20:34:40
MODELLER executable type             : x86_64-intel8
Job starting time (YY/MM/DD HH:MM:SS): 2025/05/21 00:53:08

Successfully converted '/curate/protein_prep/modeller/aligned.aln' to '/curate/protein_prep/modeller/alignment.ali'!
openf___224_> Open           $(LIB)/restyp.lib
openf___224_> Open           ${MODINSTALL10v6}/modlib/resgrp.lib
rdresgr_266_> Number of residue groups:        2
openf___224_> Open           ${MODINSTALL10v6}/modlib/sstruc.lib

Dynamically allocated memory at   amaxlibraries [B,KiB,MiB]:       191566     187.076     0.183

Dynamically allocated memory at   amaxlibraries [B,KiB,MiB]:       192094     187.592     0.183
openf___224_> Open           ${MODINSTALL10v6}/modlib/resdih.lib

Dynamically allocated memory at   amaxlibraries [B,KiB,MiB]:       240694     235.053     0.230
rdrdih__263_> Number of dihedral angle types         :        9
              Maximal number of dihedral angle optima:        3
              Dihedral angle names                   :  Alph Phi Psi Omeg chi1 chi2 chi3 chi4 chi5
openf___224_> Open           ${MODINSTALL10v6}/modlib/radii.lib

Dynamically allocated memory at   amaxlibraries [B,KiB,MiB]:       253994     248.041     0.242
openf___224_> Open           ${MODINSTALL10v6}/modlib/af_mnchdef.lib
rdwilmo_274_> Mainchain residue conformation classes:  APBLE
openf___224_> Open           ${MODINSTALL10v6}/modlib/mnch.lib
rdclass_257_> Number of classes:        5
openf___224_> Open           ${MODINSTALL10v6}/modlib/mnch1.lib
openf___224_> Open           ${MODINSTALL10v6}/modlib/mnch2.lib
openf___224_> Open           ${MODINSTALL10v6}/modlib/mnch3.lib
openf___224_> Open           ${MODINSTALL10v6}/modlib/xs4.mat
rdrrwgh_268_> Number of residue types:       21
openf___224_> Open           alignment.ali

Dynamically allocated memory at   amaxalignment [B,KiB,MiB]:       282617     275.993     0.270

Dynamically allocated memory at   amaxalignment [B,KiB,MiB]:       297709     290.731     0.284

Dynamically allocated memory at   amaxalignment [B,KiB,MiB]:       313109     305.771     0.299

Dynamically allocated memory at   amaxalignment [B,KiB,MiB]:       343909     335.849     0.328

Dynamically allocated memory at   amaxalignment [B,KiB,MiB]:       405509     396.005     0.387

Dynamically allocated memory at    amaxsequence [B,KiB,MiB]:       406457     396.931     0.388

Dynamically allocated memory at    amaxsequence [B,KiB,MiB]:       407457     397.907     0.389

Read the alignment from file       : alignment.ali

Total number of alignment positions:   274

  #  Code        #_Res #_Segm PDB_code    Name
-------------------------------------------------------------------------------
  1     target     238      1 /curate/inp MOL_ID  1; MOLECULE  PROTEIN (SPORE COAT POLYSACCHARIDE BIOSYNTHESIS P SPSA); CH
  2   template     251      1    template
check_a_343_> >> BEGINNING OF COMMAND
openf___224_> Open           /curate/input/protein/1qg8.pdb

Dynamically allocated memory at amaxcoordinates [B,KiB,MiB]:       480582     469.318     0.458

Dynamically allocated memory at    amaxsequence [B,KiB,MiB]:       480582     469.318     0.458

Dynamically allocated memory at amaxcoordinates [B,KiB,MiB]:       480753     469.485     0.458

Dynamically allocated memory at amaxcoordinates [B,KiB,MiB]:       481603     470.315     0.459

Dynamically allocated memory at amaxcoordinates [B,KiB,MiB]:       482861     471.544     0.460

Dynamically allocated memory at amaxcoordinates [B,KiB,MiB]:       484765     473.403     0.462

Dynamically allocated memory at    amaxsequence [B,KiB,MiB]:       484765     473.403     0.462

Dynamically allocated memory at amaxcoordinates [B,KiB,MiB]:       484855     473.491     0.462

Dynamically allocated memory at amaxcoordinates [B,KiB,MiB]:       487711     476.280     0.465

Dynamically allocated memory at    amaxsequence [B,KiB,MiB]:       487711     476.280     0.465

Dynamically allocated memory at amaxcoordinates [B,KiB,MiB]:       487846     476.412     0.465

Dynamically allocated memory at amaxcoordinates [B,KiB,MiB]:       492130     480.596     0.469

Dynamically allocated memory at    amaxsequence [B,KiB,MiB]:       492130     480.596     0.469

Dynamically allocated memory at amaxcoordinates [B,KiB,MiB]:       492328     480.789     0.470

Dynamically allocated memory at amaxcoordinates [B,KiB,MiB]:       498754     487.064     0.476

Dynamically allocated memory at    amaxsequence [B,KiB,MiB]:       498754     487.064     0.476

Dynamically allocated memory at amaxcoordinates [B,KiB,MiB]:       499051     487.354     0.476

Dynamically allocated memory at amaxcoordinates [B,KiB,MiB]:       508673     496.751     0.485

Dynamically allocated memory at    amaxsequence [B,KiB,MiB]:       508673     496.751     0.485

Dynamically allocated memory at amaxcoordinates [B,KiB,MiB]:       509123     497.190     0.486

Dynamically allocated memory at amaxcoordinates [B,KiB,MiB]:       523573     511.302     0.499

Dynamically allocated memory at    amaxsequence [B,KiB,MiB]:       523573     511.302     0.499

Dynamically allocated memory at amaxcoordinates [B,KiB,MiB]:       524248     511.961     0.500

Dynamically allocated memory at amaxcoordinates [B,KiB,MiB]:       545906     533.111     0.521

Dynamically allocated memory at    amaxsequence [B,KiB,MiB]:       545906     533.111     0.521

Dynamically allocated memory at amaxcoordinates [B,KiB,MiB]:       546914     534.096     0.522

Dynamically allocated memory at amaxcoordinates [B,KiB,MiB]:       579418     565.838     0.553

Dynamically allocated memory at   amaxstructure [B,KiB,MiB]:       578527     564.968     0.552

check_ali___> Checking the sequence-structure alignment. 

Implied intrachain target CA(i)-CA(i+1) distances longer than  8.0 angstroms:

ALN_POS  TMPL  RID1  RID2  NAM1  NAM2     DIST
----------------------------------------------
    128     1  127   150      D     S   15.908
    249     1  217   232      E     Q   23.820
END OF TABLE
check_a_344_> << END OF COMMAND
openf___224_> Open           ${LIB}/top_heav.lib
read_to_681_> topology.submodel read from topology file:        3
openf___224_> Open           ${LIB}/par.lib

Dynamically allocated memory at  amaxparameters [B,KiB,MiB]:       717779     700.956     0.685

Dynamically allocated memory at  amaxparameters [B,KiB,MiB]:       719379     702.519     0.686

Dynamically allocated memory at  amaxparameters [B,KiB,MiB]:       723359     706.405     0.690

Dynamically allocated memory at  amaxparameters [B,KiB,MiB]:       725359     708.358     0.692

Dynamically allocated memory at  amaxparameters [B,KiB,MiB]:       728359     711.288     0.695

Dynamically allocated memory at  amaxparameters [B,KiB,MiB]:       732859     715.683     0.699

Dynamically allocated memory at  amaxparameters [B,KiB,MiB]:       738431     721.124     0.704

Dynamically allocated memory at  amaxparameters [B,KiB,MiB]:       741231     723.858     0.707

Dynamically allocated memory at  amaxparameters [B,KiB,MiB]:       745431     727.960     0.711

Dynamically allocated memory at  amaxparameters [B,KiB,MiB]:       751731     734.112     0.717

Dynamically allocated memory at  amaxparameters [B,KiB,MiB]:       754503     736.819     0.720

Dynamically allocated memory at  amaxparameters [B,KiB,MiB]:       755903     738.187     0.721
read_pa_232_> parameters    BONDS   ANGLS  DIHEDS IMPROPS    MODE
                              227     561     661     112       0

Dynamically allocated memory at       amaxmodel [B,KiB,MiB]:       795153     776.517     0.758

Dynamically allocated memory at       amaxmodel [B,KiB,MiB]:       994289     970.985     0.948

Dynamically allocated memory at       amaxmodel [B,KiB,MiB]:      1024417    1000.407     0.977

getf_______W> RTF restraint not found in the atoms list:
              residue type, indices:    13     1
              atom names           : N     -C    CA    CD
              atom indices         :     1     0     2     3

mkilst______> segment topology constructed from sequence and RTF:
              segments residues  atoms  bonds angles dihedrals impropers:
                     1      251   2013   2064      0         0       850

Dynamically allocated memory at       amaxmodel [B,KiB,MiB]:      1111229    1085.185     1.060

patch_______> segment topology patched using RTF:  1 ;  PRO  ;  PROP
              segments residues  atoms  bonds angles dihedrals impropers:
                     1      251   2013   2064   2794      3332       850


Dynamically allocated memory at       amaxmodel [B,KiB,MiB]:      1203325    1175.122     1.148
patch_______> segment topology patched using RTF:  251 ;  ASP  ;  CTER
              segments residues  atoms  bonds angles dihedrals impropers:
                     1      251   2014   2065   2796      3334       851

genseg______> segment topology constructed from sequence and RTF:
              segments residues  atoms  bonds angles dihedrals impropers:
                     1      251   2014   2065   2796      3334       851

Dynamically allocated memory at       amaxmodel [B,KiB,MiB]:      1223993    1195.306     1.167
patch_______> segment topology patched using RTF:  130 238 ;  CYS  CYS  ;  DISU
              segments residues  atoms  bonds angles dihedrals impropers:
                     1      251   2014   2066   2798      3337       851
patch_s_522_> Number of disulfides patched in MODEL:        1
transfe_506_> MODEL is an average of all templates.
transfe_511_> Number of templates for coordinate transfer:        1
              After transferring coordinates of the equivalent template atoms,
              there are defined, undefined atoms in MODEL:     1327      687
openf___224_> Open           template.ini
wrpdb___568_> Residues, atoms, selected atoms:      251     2014     2014
make_re_417_> Restraint type to be calculated:  stereo

Dynamically allocated memory at  amaxrestraints [B,KiB,MiB]:      1331442    1300.236     1.270

Dynamically allocated memory at  amaxrestraints [B,KiB,MiB]:      1339634    1308.236     1.278

Dynamically allocated memory at  amaxrestraints [B,KiB,MiB]:      1356018    1324.236     1.293

Dynamically allocated memory at  amaxrestraints [B,KiB,MiB]:      1388786    1356.236     1.324

Dynamically allocated memory at  amaxrestraints [B,KiB,MiB]:      1421554    1388.236     1.356

Dynamically allocated memory at  amaxrestraints [B,KiB,MiB]:      1487090    1452.236     1.418

Dynamically allocated memory at  amaxrestraints [B,KiB,MiB]:      1519858    1484.236     1.449

Dynamically allocated memory at  amaxrestraints [B,KiB,MiB]:      1552626    1516.236     1.481

Dynamically allocated memory at  amaxrestraints [B,KiB,MiB]:      1618162    1580.236     1.543

Dynamically allocated memory at  amaxrestraints [B,KiB,MiB]:      1749234    1708.236     1.668

Dynamically allocated memory at  amaxrestraints [B,KiB,MiB]:      1814770    1772.236     1.731

Dynamically allocated memory at  amaxrestraints [B,KiB,MiB]:      1880306    1836.236     1.793

Dynamically allocated memory at  amaxrestraints [B,KiB,MiB]:      2011378    1964.236     1.918
r_stere_606_> Stereochemical restraints were constructed from RTF & PRMF.
              Added bond,angle,dihedral,improper restraints  :     2066    2798    3232     832
              Total number of restraints before, now         :        0     8928
make_re_422_> Number of previous, current restraints         :        0     8928
make_re_423_> Number of previous, current selected restraints:        0     8928
make_re_417_> Restraint type to be calculated:  phi-psi_binormal

Dynamically allocated memory at   amaxstructure [B,KiB,MiB]:      2156448    2105.906     2.057
openf___224_> Open           ${MODINSTALL10v6}/modlib/mnch1.bin
openf___224_> Open           ${MODINSTALL10v6}/modlib/mnch1.mdt
getdata_643_> Protein accepted:  target
getdata_289_> Proteins (all/accepted):        1        1
make_re_422_> Number of previous, current restraints         :     8928     9177
make_re_423_> Number of previous, current selected restraints:     8928     9177
make_re_417_> Restraint type to be calculated:  omega_dihedral

Dynamically allocated memory at   amaxstructure [B,KiB,MiB]:      2156464    2105.922     2.057
openf___224_> Open           ${MODINSTALL10v6}/modlib/omega.bin
openf___224_> Open           ${MODINSTALL10v6}/modlib/omega.mdt
getdata_643_> Protein accepted:  target
getdata_289_> Proteins (all/accepted):        1        1
omgdel__425_> Unselected all O C +N +CA dihedrals:      269
              (This is to avoid clashes between STEREO
              and OMEGA_DIHEDRAL restraints)

Dynamically allocated memory at  amaxrestraints [B,KiB,MiB]:      2418608    2361.922     2.307
make_re_422_> Number of previous, current restraints         :     9177     9427
make_re_423_> Number of previous, current selected restraints:     9177     9158
make_re_417_> Restraint type to be calculated:  chi1_dihedral

Dynamically allocated memory at   amaxstructure [B,KiB,MiB]:      2418608    2361.922     2.307
openf___224_> Open           ${MODINSTALL10v6}/modlib/chi1234.bin
openf___224_> Open           ${MODINSTALL10v6}/modlib/chi1.mdt
getdata_643_> Protein accepted:  target
getdata_289_> Proteins (all/accepted):        1        1

Dynamically allocated memory at  amaxrestraints [B,KiB,MiB]:      2549680    2489.922     2.432
make_re_422_> Number of previous, current restraints         :     9427     9652
make_re_423_> Number of previous, current selected restraints:     9158     9383
make_re_417_> Restraint type to be calculated:  chi2_dihedral

Dynamically allocated memory at   amaxstructure [B,KiB,MiB]:      2549680    2489.922     2.432
openf___224_> Open           ${MODINSTALL10v6}/modlib/chi1234.bin
openf___224_> Open           ${MODINSTALL10v6}/modlib/chi2.mdt
getdata_643_> Protein accepted:  target
getdata_289_> Proteins (all/accepted):        1        1

Dynamically allocated memory at  amaxrestraints [B,KiB,MiB]:      2680752    2617.922     2.557
make_re_422_> Number of previous, current restraints         :     9652     9827
make_re_423_> Number of previous, current selected restraints:     9383     9558
make_re_417_> Restraint type to be calculated:  chi3_dihedral

Dynamically allocated memory at   amaxstructure [B,KiB,MiB]:      2680752    2617.922     2.557
openf___224_> Open           ${MODINSTALL10v6}/modlib/chi1234.bin
openf___224_> Open           ${MODINSTALL10v6}/modlib/chi3.mdt
getdata_643_> Protein accepted:  target
getdata_289_> Proteins (all/accepted):        1        1
make_re_422_> Number of previous, current restraints         :     9827     9913
make_re_423_> Number of previous, current selected restraints:     9558     9644
make_re_417_> Restraint type to be calculated:  chi4_dihedral

Dynamically allocated memory at   amaxstructure [B,KiB,MiB]:      2680752    2617.922     2.557
openf___224_> Open           ${MODINSTALL10v6}/modlib/chi1234.bin
openf___224_> Open           ${MODINSTALL10v6}/modlib/chi4.mdt
mdtrsr__446W> A potential that relies on one protein is used, yet you have at
              least one known structure available. MDT, not library, potential is used.
getdata_643_> Protein accepted:  target
getdata_289_> Proteins (all/accepted):        1        1
make_re_422_> Number of previous, current restraints         :     9913     9947
make_re_423_> Number of previous, current selected restraints:     9644     9678
make_re_417_> Restraint type to be calculated:  DISTANCE

Dynamically allocated memory at amaxhash_contac [B,KiB,MiB]:      3260748    3184.324     3.110
make_re_422_> Number of previous, current restraints         :     9947    14174
make_re_423_> Number of previous, current selected restraints:     9678    13905
make_re_417_> Restraint type to be calculated:  DISTANCE

Dynamically allocated memory at  amaxrestraints [B,KiB,MiB]:      3522892    3440.324     3.360
make_re_422_> Number of previous, current restraints         :    14174    18513
make_re_423_> Number of previous, current selected restraints:    13905    18244
make_re_417_> Restraint type to be calculated:  DISTANCE

Dynamically allocated memory at  amaxrestraints [B,KiB,MiB]:      3785036    3696.324     3.610

Dynamically allocated memory at  amaxrestraints [B,KiB,MiB]:      4309324    4208.324     4.110
make_re_422_> Number of previous, current restraints         :    18513    20250
make_re_423_> Number of previous, current selected restraints:    18244    19981
make_re_417_> Restraint type to be calculated:  DISTANCE
make_re_422_> Number of previous, current restraints         :    20250    20625
make_re_423_> Number of previous, current selected restraints:    19981    20356
0 atoms in HETATM/BLK residues constrained
to protein atoms within 2.30 angstroms
and protein CA atoms within 10.00 angstroms
make_re_417_> Restraint type to be calculated:  DISTANCE
make_re_422_> Number of previous, current restraints         :    20625    20625
make_re_423_> Number of previous, current selected restraints:    20356    20356
make_re_417_> Restraint type to be calculated:  DISTANCE
make_re_422_> Number of previous, current restraints         :    20625    20625
make_re_423_> Number of previous, current selected restraints:    20356    20356
make_re_417_> Restraint type to be calculated:  DISTANCE
make_re_422_> Number of previous, current restraints         :    20625    20625
make_re_423_> Number of previous, current selected restraints:    20356    20356
make_re_417_> Restraint type to be calculated:  DISTANCE
make_re_422_> Number of previous, current restraints         :    20625    20625
make_re_423_> Number of previous, current selected restraints:    20356    20356
0 atoms in residues without defined topology
constrained to be rigid bodies
make_re_417_> Restraint type to be calculated:  DISTANCE
make_re_422_> Number of previous, current restraints         :    20625    20625
make_re_423_> Number of previous, current selected restraints:    20356    20356
rmdupl__427_>     1616 redundant cosine dihedral restraints were unselected.
condens_443_> Restraints marked for deletion were removed.
              Total number of restraints before, now:    20625    18740
openf___224_> Open           template.rsr
openf___224_> Open           template.rsr

Dynamically allocated memory at  amaxrestraints [B,KiB,MiB]:      4372767    4270.280     4.170
rdcsr2__307_> Number of restraints read    :    18740
              Number of excluded pairs read:        0
              Number of pseudo atoms read  :        0
rdcsrs__304_> Restraints in memory, selected restraints:    18740    18740
              Explicitly excluded atom pairs in memory :        0
              Pseudo atoms in memory                   :        0
openf___224_> Open           template.ini

Dynamically allocated memory at       amaxmodel [B,KiB,MiB]:      4372799    4270.312     4.170
read_mo_297_> Segments, residues, atoms:        1      251     2014
read_mo_298_> Segment:        1  1:A  251:A     2014
randomi_498_> Atoms,selected atoms,random_seed,amplitude:     2014     2014        1        4.0000
randomi_496_> Amplitude is > 0; randomization is done.
pick_re_612_> Number of MODEL atoms, selected restraints;     2014    10423
pick_re_612_> Number of MODEL atoms, selected restraints;     2014    11473
pick_re_612_> Number of MODEL atoms, selected restraints;     2014    12072
pick_re_612_> Number of MODEL atoms, selected restraints;     2014    12699
pick_re_612_> Number of MODEL atoms, selected restraints;     2014    13498
pick_re_612_> Number of MODEL atoms, selected restraints;     2014    14352
pick_re_612_> Number of MODEL atoms, selected restraints;     2014    15377
pick_re_612_> Number of MODEL atoms, selected restraints;     2014    17089

Dynamically allocated memory at  amaxrestraints [B,KiB,MiB]:      4713707    4603.229     4.495
pick_re_612_> Number of MODEL atoms, selected restraints;     2014    18276
pick_re_612_> Number of MODEL atoms, selected restraints;     2014    18686
pick_re_612_> Number of MODEL atoms, selected restraints;     2014    18740
iupac_m_487_> NH1/2 swapped:      177.9921       11  11
iupac_m_486_> OE1/2 will be swapped:      175.7865       12  12
iupac_m_485_> OD1/2 will be swapped:      126.0207       28  28
iupac_m_487_> NH1/2 swapped:     -175.8411       79  79
iupac_m_487_> NH1/2 swapped:      177.9448      117  117
iupac_m_485_> OD1/2 will be swapped:     -177.9993      124  124
iupac_m_487_> NH1/2 swapped:     -176.0433      129  129
iupac_m_487_> NH1/2 swapped:      179.6643      155  155
iupac_m_487_> NH1/2 swapped:     -173.9323      169  169
iupac_m_485_> OD1/2 will be swapped:      168.2311      175  175
iupac_m_483_> CD1/2 CE1/2 swapped:      -97.7311      184  184
iupac_m_397W> Atoms were not swapped because of the uncertainty of how to handle the H atom.
iupac_m_487_> NH1/2 swapped:     -177.6536      189  189
iupac_m_485_> OD1/2 will be swapped:      178.6756      209  209
iupac_m_483_> CD1/2 CE1/2 swapped:       92.2224      213  213
iupac_m_397W> Atoms were not swapped because of the uncertainty of how to handle the H atom.
iupac_m_485_> OD1/2 will be swapped:      141.6045      216  216
iupac_m_485_> OD1/2 will be swapped:     -176.9207      222  222
iupac_m_486_> OE1/2 will be swapped:       92.1040      226  226
iupac_m_487_> NH1/2 swapped:      179.4640      245  245
iupac_m_487_> NH1/2 swapped:      178.0526      247  247


>> ENERGY; Differences between the model's features and restraints:
Number of all residues in MODEL                   :      251
Number of all, selected real atoms                :     2014    2014
Number of all, selected pseudo atoms              :        0       0
Number of all static, selected restraints         :    18740   18740
COVALENT_CYS                                      :        F
NONBONDED_SEL_ATOMS                               :        1
Number of non-bonded pairs (excluding 1-2,1-3,1-4):     4626
Dynamic pairs routine                             : 2, NATM x NATM cell sorting
Atomic shift for contacts update (UPDATE_DYNAMIC) :    0.390
LENNARD_JONES_SWITCH                              :    6.500   7.500
COULOMB_JONES_SWITCH                              :    6.500   7.500
RESIDUE_SPAN_RANGE                                :        0   99999
NLOGN_USE                                         :       15
CONTACT_SHELL                                     :    4.000
DYNAMIC_PAIRS,_SPHERE,_COULOMB,_LENNARD,_MODELLER :        T       T       F       F       F
SPHERE_STDV                                       :    0.050
RADII_FACTOR                                      :    0.820
Current energy                                    :        2335.5396





Summary of the restraint violations: 

   NUM     ... number of restraints.
   NUMVI   ... number of restraints with RVIOL > VIOL_REPORT_CUT[i].
   RVIOL   ... relative difference from the best value.
   NUMVP   ... number of restraints with -Ln(pdf) > VIOL_REPORT_CUT2[i].
   RMS_1   ... RMS(feature, minimally_violated_basis_restraint, NUMB).
   RMS_2   ... RMS(feature, best_value, NUMB).
   MOL.PDF ... scaled contribution to -Ln(Molecular pdf).

 #                     RESTRAINT_GROUP      NUM   NUMVI  NUMVP   RMS_1   RMS_2         MOL.PDF     S_i
------------------------------------------------------------------------------------------------------
 1 Bond length potential              :    2065       0      0   0.007   0.007      28.534       1.000
 2 Bond angle potential               :    2796       0      9   2.313   2.313      280.29       1.000
 3 Stereochemical cosine torsion poten:    1346       0     60  50.621  50.621      507.08       1.000
 4 Stereochemical improper torsion pot:     832       0      0   1.300   1.300      28.663       1.000
 5 Soft-sphere overlap restraints     :    4626       0      0   0.005   0.005      12.250       1.000
 6 Lennard-Jones 6-12 potential       :       0       0      0   0.000   0.000      0.0000       1.000
 7 Coulomb point-point electrostatic p:       0       0      0   0.000   0.000      0.0000       1.000
 8 H-bonding potential                :       0       0      0   0.000   0.000      0.0000       1.000
 9 Distance restraints 1 (CA-CA)      :    4227       9     34   0.718   0.718      438.75       1.000
10 Distance restraints 2 (N-O)        :    4339       2     28   0.718   0.718      409.80       1.000
11 Mainchain Phi dihedral restraints  :       0       0      0   0.000   0.000      0.0000       1.000
12 Mainchain Psi dihedral restraints  :       0       0      0   0.000   0.000      0.0000       1.000
13 Mainchain Omega dihedral restraints:     250       0      2   4.799   4.799      67.284       1.000
14 Sidechain Chi_1 dihedral restraints:     225       0      2  80.808  80.808      79.917       1.000
15 Sidechain Chi_2 dihedral restraints:     175       0      1  74.415  74.415      76.599       1.000
16 Sidechain Chi_3 dihedral restraints:      86       0      0  80.007  80.007      67.673       1.000
17 Sidechain Chi_4 dihedral restraints:      34       0      0  96.228  96.228      24.628       1.000
18 Disulfide distance restraints      :       1       0      0   0.013   0.013     0.30402E-01   1.000
19 Disulfide angle restraints         :       2       0      0   1.792   1.792     0.14180       1.000
20 Disulfide dihedral angle restraints:       1       0      0  28.607  28.607     0.83443       1.000
21 Lower bound distance restraints    :       0       0      0   0.000   0.000      0.0000       1.000
22 Upper bound distance restraints    :       0       0      0   0.000   0.000      0.0000       1.000
23 Distance restraints 3 (SDCH-MNCH)  :    1737       0      0   0.458   0.458      38.368       1.000
24 Sidechain Chi_5 dihedral restraints:       0       0      0   0.000   0.000      0.0000       1.000
25 Phi/Psi pair of dihedral restraints:     249      59     43  36.916  80.705      214.10       1.000
26 Distance restraints 4 (SDCH-SDCH)  :     375       0      6   1.373   1.373      60.595       1.000
27 Distance restraints 5 (X-Y)        :       0       0      0   0.000   0.000      0.0000       1.000
28 NMR distance restraints 6 (X-Y)    :       0       0      0   0.000   0.000      0.0000       1.000
29 NMR distance restraints 7 (X-Y)    :       0       0      0   0.000   0.000      0.0000       1.000
30 Minimal distance restraints        :       0       0      0   0.000   0.000      0.0000       1.000
31 Non-bonded restraints              :       0       0      0   0.000   0.000      0.0000       1.000
32 Atomic accessibility restraints    :       0       0      0   0.000   0.000      0.0000       1.000
33 Atomic density restraints          :       0       0      0   0.000   0.000      0.0000       1.000
34 Absolute position restraints       :       0       0      0   0.000   0.000      0.0000       1.000
35 Dihedral angle difference restraint:       0       0      0   0.000   0.000      0.0000       1.000
36 GBSA implicit solvent potential    :       0       0      0   0.000   0.000      0.0000       1.000
37 EM density fitting potential       :       0       0      0   0.000   0.000      0.0000       1.000
38 SAXS restraints                    :       0       0      0   0.000   0.000      0.0000       1.000
39 Symmetry restraints                :       0       0      0   0.000   0.000      0.0000       1.000



openf___224_> Open           template.V99990001
# Heavy relative violation of each residue is written to: template.V99990001
# The profile is NOT normalized by the number of restraints.
# The profiles are smoothed over a window of residues:    1
# The sum of all numbers in the file:   34779.1602



List of the violated restraints:
   A restraint is violated when the relative difference
   from the best value (RVIOL) is larger than CUTOFF.

   ICSR   ... index of a restraint in the current set.
   RESNO  ... residue numbers of the first two atoms.
   ATM    ... IUPAC atom names of the first two atoms.
   FEAT   ... the value of the feature in the model.
   restr  ... the mean of the basis restraint with the smallest
              difference from the model (local minimum).
   viol   ... difference from the local minimum.
   rviol  ... relative difference from the local minimum.
   RESTR  ... the best value (global minimum).
   VIOL   ... difference from the best value.
   RVIOL  ... relative difference from the best value.


-------------------------------------------------------------------------------------------------

Feature  9                           : Distance restraints 1 (CA-CA)           
List of the RVIOL violations larger than   :       4.5000

    #   ICSR  RESNO1/2 ATM1/2   INDATM1/2    FEAT   restr    viol   rviol   RESTR    VIOL   RVIOL
    1  10426  97G 124D CA  CA    778  982   14.24   10.06    4.19    5.75   10.06    4.19    5.75
    2  10448  98S 124D CA  CA    782  982   14.08   10.01    4.07    5.49   10.01    4.07    5.49
    3  10472  99F 124D CA  CA    788  982   13.68    9.65    4.03    6.07    9.65    4.03    6.07
    4  12173 227Q 230G CA  CA   1829 1855    8.93    5.34    3.59    5.10    5.34    3.59    5.10

-------------------------------------------------------------------------------------------------

Feature 10                           : Distance restraints 2 (N-O)             
List of the RVIOL violations larger than   :       4.5000

    #   ICSR  RESNO1/2 ATM1/2   INDATM1/2    FEAT   restr    viol   rviol   RESTR    VIOL   RVIOL
    1  14221  98S 124D N   O     781  988   15.85   10.96    4.89    5.53   10.96    4.89    5.53

-------------------------------------------------------------------------------------------------

Feature 25                           : Phi/Psi pair of dihedral restraints     
List of the RVIOL violations larger than   :       6.5000

    #   ICSR  RESNO1/2 ATM1/2   INDATM1/2    FEAT   restr    viol   rviol   RESTR    VIOL   RVIOL
    1   7067  24L  25F C   N     206  208 -108.44 -124.20   96.21    4.12  -63.20  103.15   11.86
    1         25F  25F N   CA    208  209   48.39  143.30                  -44.30
    2   7080  37D  38D C   N     310  312  -99.95  -96.50   52.76    2.21  -63.30  107.97   11.64
    2         38D  38D N   CA    312  313   61.56  114.20                  -40.00
    3   7081  38D  39E C   N     318  320   52.68   54.60   17.11    1.17  -63.60  153.17   26.18
    3         39E  39E N   CA    320  321   59.40   42.40                  -40.30
    4   7088  45C  46E C   N     370  372  -61.30  -69.30   11.37    0.63  -63.60  174.73   23.42
    4         46E  46E N   CA    372  373  134.42  142.50                  -40.30
    5   7089  46E  47K C   N     379  381 -146.98 -118.00   48.50    1.82  -62.90  164.34   26.35
    5         47K  47K N   CA    381  382  178.00  139.10                  -40.80
    6   7090  47K  48F C   N     388  390  -83.27  -71.40   50.06    4.30  -63.20  137.84   17.83
    6         48F  48F N   CA    390  391   92.07  140.70                  -44.30
    7   7091  48F  49E C   N     399  401  -99.15 -117.80   41.81    1.66  -63.60  144.14   17.51
    7         49E  49E N   CA    401  402   99.38  136.80                  -40.30
    8   7124  81I  82M C   N     662  664  -55.65  -73.00   41.80    2.61  -63.40  145.68   22.36
    8         82M  82M N   CA    664  665  104.97  143.00                  -40.50
    9   7125  82M  83N C   N     670  672 -157.79 -119.90  101.11    3.64  -63.20  129.31   20.99
    9         83N  83N N   CA    672  673 -129.26  137.00                  -41.10
   10   7128  85A  86S C   N     692  694 -141.36 -136.60   89.64    4.64  -64.10  123.76    9.12
   10         86S  86S N   CA    694  695   61.69  151.20                  -35.00
   11   7138  95P  96S C   N     769  771 -139.24 -136.60   88.72    4.56  -64.10  123.11    8.94
   11         96S  96S N   CA    771  772   62.52  151.20                  -35.00
   12   7144 101D 102D C   N     812  814 -112.02  -96.50   72.24    3.02  -63.30   96.81   10.28
   12        102D 102D N   CA    814  815   43.65  114.20                  -40.00
   13   7151 108P 109P C   N     864  866  -69.38  -64.50   25.41    1.66  -58.70  157.73   13.91
   13        109P 109P N   CA    866  867  172.13  147.20                  -30.50
   14   7152 109P 110G C   N     871  873   82.73   82.20   85.39    4.12  -62.40  149.45   25.02
   14        110G 110G N   CA    873  874  -76.88    8.50                  -41.20
   15   7165 122I 123A C   N     974  976   52.49   55.40    9.86    0.39 -134.00 -160.05   10.40
   15        123A 123A N   CA    976  977   47.62   38.20                  147.00
   16   7172 129R 130C C   N    1025 1027   82.54   57.40   80.20    2.67 -117.90 -120.40    6.74
   16        130C 130C N   CA   1027 1028  -40.15   36.00                  141.10
   17   7178 135L 136N C   N    1067 1069 -107.83 -119.90   81.16    3.40  -63.20  107.54   11.65
   17        136N 136N N   CA   1069 1070   56.74  137.00                  -41.10
   18   7186 143L 144A C   N    1128 1130  -96.73  -68.20   68.62    6.43  -62.50  128.43   19.67
   18        144A 144A N   CA   1130 1131   82.89  145.30                  -40.90
   19   7187 144A 145V C   N    1133 1135 -164.79 -125.40  105.56    4.09  -62.40  127.73   21.72
   19        145V 145V N   CA   1135 1136 -118.76  143.30                  -42.40
   20   7195 152L 153G C   N    1204 1206  136.39   78.70   77.01    1.92   82.20  144.90    9.57
   20        153G 153G N   CA   1206 1207  142.88 -166.10                    8.50
   21   7196 153G 154I C   N    1208 1210  -63.66  -63.40    1.81    0.31 -120.60 -175.31    8.48
   21        154I 154I N   CA   1210 1211  -45.39  -43.60                  130.30
   22   7197 154I 155R C   N    1216 1218 -123.28 -125.20   17.30    0.87  -63.00  172.02   27.39
   22        155R 155R N   CA   1218 1219  157.79  140.60                  -41.10
   23   7198 155R 156S C   N    1227 1229 -161.59 -136.60   44.28    1.59  -64.10  168.34   19.23
   23        156S 156S N   CA   1229 1230 -172.25  151.20                  -35.00
   24   7200 157Q 158S C   N    1242 1244 -125.16 -136.60   22.55    1.28  -64.10  166.00   16.35
   24        158S 158S N   CA   1244 1245  170.64  151.20                  -35.00
   25   7201 158S 159K C   N    1248 1250  -59.53  -70.20   10.73    0.76  -62.90  179.95   23.19
   25        159K 159K N   CA   1250 1251  139.28  140.40                  -40.80
   26   7203 160P 161Y C   N    1264 1266 -142.83  -63.50   93.43   17.67  -63.50   93.43   17.67
   26        161Y 161Y N   CA   1266 1267  -92.76  -43.40                  -43.40
   27   7210 167V 168Y C   N    1321 1323 -104.13  -98.40   75.67    8.00  -63.50  104.56   14.81
   27        168Y 168Y N   CA   1323 1324   52.94  128.40                  -43.40
   28   7232 189R 190R C   N    1520 1522   52.74  -72.10  124.89    9.46 -125.20  177.95    7.09
   28        190R 190R N   CA   1522 1523  138.43  141.90                  140.60
   29   7233 190R 191K C   N    1531 1533 -153.74 -118.00   41.28    1.94  -62.90 -176.66   21.08
   29        191K 191K N   CA   1533 1534  118.45  139.10                  -40.80
   30   7234 191K 192N C   N    1540 1542 -133.34 -119.90   22.38    1.21  -63.20  174.88   18.99
   30        192N 192N N   CA   1542 1543  119.10  137.00                  -41.10
   31   7237 194V 195T C   N    1562 1564 -129.08 -124.80    6.08    0.36  -63.20 -169.53   28.78
   31        195T 195T N   CA   1564 1565  139.18  143.50                  -42.10
   32   7238 195T 196G C   N    1569 1571   67.74   78.70   10.98    0.54   82.20  174.47    9.19
   32        196G 196G N   CA   1571 1572 -165.37 -166.10                    8.50
   33   7239 196G 197N C   N    1573 1575  -94.96 -119.90   42.24    1.30  -63.20  147.47   16.88
   33        197N 197N N   CA   1575 1576  102.91  137.00                  -41.10
   34   7240 197N 198Y C   N    1581 1583 -107.57  -98.40   45.70    4.73  -63.50  134.46   19.32
   34        198Y 198Y N   CA   1583 1584   83.63  128.40                  -43.40
   35   7242 199V 200K C   N    1600 1602 -167.28 -118.00   50.98    1.74  -62.90 -163.06   31.78
   35        200K 200K N   CA   1602 1603  152.19  139.10                  -40.80
   36   7243 200K 201M C   N    1609 1611  -66.19  -73.00   19.25    1.21  -63.40  165.52   24.50
   36        201M 201M N   CA   1611 1612  125.00  143.00                  -40.50
   37   7244 201M 202S C   N    1617 1619 -115.75 -136.60   47.59    1.89  -64.10  152.43    9.39
   37        202S 202S N   CA   1619 1620  108.42  151.20                  -35.00
   38   7246 203L 204Q C   N    1631 1633  -70.30  -73.00   10.05    0.61  -63.80  171.45   24.87
   38        204Q 204Q N   CA   1633 1634  131.02  140.70                  -40.30
   39   7247 204Q 205L C   N    1640 1642 -119.02 -108.50   35.44    2.00  -63.50  150.48   18.59
   39        205L 205L N   CA   1642 1643   98.66  132.50                  -41.20
   40   7249 206Y 207L C   N    1660 1662  -46.73  -70.70   26.16    1.98  -63.50  173.16   25.04
   40        207L 207L N   CA   1662 1663  131.14  141.60                  -41.20
   41   7251 208V 209D C   N    1675 1677 -131.33  -96.50   39.64    1.64  -63.30 -174.00   19.94
   41        209D 209D N   CA   1677 1678  133.12  114.20                  -40.00
   42   7252 209D 210N C   N    1683 1685  -67.70  -63.20   13.98    1.55 -119.90  172.93    6.55
   42        210N 210N N   CA   1685 1686  -27.86  -41.10                  137.00
   43   7254 211R 212S C   N    1702 1704 -125.29 -136.60   17.60    0.60  -64.10 -176.76   11.29
   43        212S 212S N   CA   1704 1705  137.72  151.20                  -35.00
   44   7256 213Y 214L C   N    1720 1722 -125.54 -108.50   22.95    1.03  -63.50 -178.17   29.09
   44        214L 214L N   CA   1722 1723  147.88  132.50                  -41.20
   45   7257 214L 215L C   N    1728 1730 -108.81 -108.50   26.53    1.44  -63.50  153.99   19.31
   45        215L 215L N   CA   1730 1731  105.97  132.50                  -41.20
   46   7258 215L 216D C   N    1736 1738 -152.80  -63.30  108.33   13.31  -63.30  108.33   13.31
   46        216D 216D N   CA   1738 1739   21.04  -40.00                  -40.00
   47   7259 216D 217F C   N    1744 1746 -135.01 -124.20   30.93    1.15  -63.20  160.39   26.88
   47        217F 217F N   CA   1746 1747  172.29  143.30                  -44.30
   48   7260 217F 218K C   N    1755 1757 -146.14 -118.00   31.03    1.42  -62.90 -173.56   21.42
   48        218K 218K N   CA   1757 1758  126.03  139.10                  -40.80
   49   7261 218K 219S C   N    1764 1766  148.59 -136.60  115.83    3.91  -64.10  170.26   22.43
   49        219S 219S N   CA   1766 1767 -120.38  151.20                  -35.00
   50   7262 219S 220I C   N    1770 1772  -78.86 -120.60   54.86    2.44  -63.40  139.18   22.29
   50        220I 220I N   CA   1772 1773   94.71  130.30                  -43.60
   51   7263 220I 221D C   N    1778 1780  177.34  -63.30  124.21   20.92  -96.50 -168.14    8.08
   51        221D 221D N   CA   1780 1781  -74.38  -40.00                  114.20
   52   7268 225V 226E C   N    1817 1819 -160.12 -117.80   49.25    1.44  -63.60 -175.10   29.96
   52        226E 226E N   CA   1819 1820  161.99  136.80                  -40.30
   53   7269 226E 227Q C   N    1826 1828 -157.25 -121.10   37.86    1.22  -63.80 -167.09   33.18
   53        227Q 227Q N   CA   1828 1829  150.94  139.70                  -40.30
   54   7270 227Q 228R C   N    1835 1837   -7.12  -63.00  124.50   20.62  -63.00  124.50   20.62
   54        228R 228R N   CA   1837 1838   70.15  -41.10                  -41.10
   55   7271 228R 229S C   N    1846 1848  -70.96  -72.40   10.87    0.69  -64.10  161.96   12.16
   55        229S 229S N   CA   1848 1849  163.18  152.40                  -35.00
   56   7272 229S 230G C   N    1852 1854   85.50   82.20   42.92    1.92  -62.40  148.06   26.72
   56        230G 230G N   CA   1854 1855  -34.29    8.50                  -41.20
   57   7288 245R 246P C   N    1963 1965  -75.66  -64.50   35.92    3.28  -58.70  144.55   10.63
   57        246P 246P N   CA   1965 1966  113.05  147.20                  -30.50
   58   7289 246P 247R C   N    1970 1972  157.33  -63.00  141.67   24.75  -63.00  141.67   24.75
   58        247R 247R N   CA   1972 1973  -64.87  -41.10                  -41.10
   59   7291 248S 249S C   N    1987 1989   50.50   56.90   16.25    0.66  -64.10  143.48   18.44
   59        249S 249S N   CA   1989 1990   51.33   36.40                  -35.00


report______> Distribution of short non-bonded contacts:


DISTANCE1:  0.00 2.10 2.20 2.30 2.40 2.50 2.60 2.70 2.80 2.90 3.00 3.10 3.20 3.30 3.40
DISTANCE2:  2.10 2.20 2.30 2.40 2.50 2.60 2.70 2.80 2.90 3.00 3.10 3.20 3.30 3.40 3.50
FREQUENCY:     0    0    0    0    1   24   40  147  153  255  208  254  309  362  363


<< end of ENERGY.
openf___224_> Open           template.B99990001.pdb
wrpdb___568_> Residues, atoms, selected atoms:      251     2014     2014
openf___224_> Open           $(LIB)/atmcls-melo.lib

Dynamically allocated memory at amaxgroup_restr [B,KiB,MiB]:      4714149    4603.661     4.496

Dynamically allocated memory at amaxgroup_restr [B,KiB,MiB]:      4714213    4603.724     4.496

Dynamically allocated memory at amaxgroup_restr [B,KiB,MiB]:      4714277    4603.786     4.496

Dynamically allocated memory at amaxgroup_restr [B,KiB,MiB]:      4714405    4603.911     4.496

Dynamically allocated memory at amaxgroup_restr [B,KiB,MiB]:      4714597    4604.099     4.496

Dynamically allocated memory at amaxgroup_restr [B,KiB,MiB]:      4714853    4604.349     4.496

Dynamically allocated memory at amaxgroup_restr [B,KiB,MiB]:      4715237    4604.724     4.497

Dynamically allocated memory at amaxgroup_restr [B,KiB,MiB]:      4715813    4605.286     4.497

Dynamically allocated memory at amaxgroup_restr [B,KiB,MiB]:      4715863    4605.335     4.497

Dynamically allocated memory at amaxgroup_restr [B,KiB,MiB]:      4715921    4605.392     4.497

Dynamically allocated memory at amaxgroup_restr [B,KiB,MiB]:      4716817    4606.267     4.498

Dynamically allocated memory at amaxgroup_restr [B,KiB,MiB]:      4718161    4607.579     4.500

Dynamically allocated memory at amaxgroup_restr [B,KiB,MiB]:      4718227    4607.644     4.500

Dynamically allocated memory at amaxgroup_restr [B,KiB,MiB]:      4720211    4609.581     4.502

Dynamically allocated memory at amaxgroup_restr [B,KiB,MiB]:      4720367    4609.733     4.502

Dynamically allocated memory at amaxgroup_restr [B,KiB,MiB]:      4723375    4612.671     4.505

Dynamically allocated memory at amaxgroup_restr [B,KiB,MiB]:      4723669    4612.958     4.505

Dynamically allocated memory at amaxgroup_restr [B,KiB,MiB]:      4724173    4613.450     4.505

Dynamically allocated memory at amaxgroup_restr [B,KiB,MiB]:      4725169    4614.423     4.506

Dynamically allocated memory at amaxgroup_restr [B,KiB,MiB]:      4729649    4618.798     4.511

Dynamically allocated memory at amaxgroup_restr [B,KiB,MiB]:      4731683    4620.784     4.512

Dynamically allocated memory at amaxgroup_restr [B,KiB,MiB]:      4736135    4625.132     4.517
openf___224_> Open           $(LIB)/melo1-dist.lib

Dynamically allocated memory at amaxgroup_restr [B,KiB,MiB]:      4736531    4625.519     4.517

Dynamically allocated memory at amaxgroup_restr [B,KiB,MiB]:      4737327    4626.296     4.518

Dynamically allocated memory at amaxgroup_restr [B,KiB,MiB]:      4738123    4627.073     4.519

Dynamically allocated memory at amaxgroup_restr [B,KiB,MiB]:      4739311    4628.233     4.520

Dynamically allocated memory at amaxgroup_restr [B,KiB,MiB]:      4739711    4628.624     4.520

Dynamically allocated memory at amaxgroup_restr [B,KiB,MiB]:      4740311    4629.210     4.521

Dynamically allocated memory at amaxgroup_restr [B,KiB,MiB]:      4741211    4630.089     4.522

Dynamically allocated memory at amaxgroup_restr [B,KiB,MiB]:      4742559    4631.405     4.523

Dynamically allocated memory at amaxgroup_restr [B,KiB,MiB]:      4744583    4633.382     4.525

Dynamically allocated memory at amaxgroup_restr [B,KiB,MiB]:      4744783    4633.577     4.525

Dynamically allocated memory at amaxgroup_restr [B,KiB,MiB]:      4747819    4636.542     4.528

Dynamically allocated memory at amaxgroup_restr [B,KiB,MiB]:      4748119    4636.835     4.528

Dynamically allocated memory at amaxgroup_restr [B,KiB,MiB]:      4752671    4641.280     4.533

Dynamically allocated memory at amaxgroup_restr [B,KiB,MiB]:      4753119    4641.718     4.533

Dynamically allocated memory at amaxgroup_restr [B,KiB,MiB]:      4759947    4648.386     4.539

Dynamically allocated memory at amaxgroup_restr [B,KiB,MiB]:      4760619    4649.042     4.540

Dynamically allocated memory at amaxgroup_restr [B,KiB,MiB]:      4770863    4659.046     4.550

Dynamically allocated memory at amaxgroup_restr [B,KiB,MiB]:      4771871    4660.030     4.551

Dynamically allocated memory at amaxgroup_restr [B,KiB,MiB]:      4772471    4660.616     4.551

Dynamically allocated memory at amaxgroup_restr [B,KiB,MiB]:      4772871    4661.007     4.552

Dynamically allocated memory at amaxgroup_restr [B,KiB,MiB]:      4788235    4676.011     4.566

Dynamically allocated memory at amaxgroup_restr [B,KiB,MiB]:      4789747    4677.487     4.568

Dynamically allocated memory at amaxgroup_restr [B,KiB,MiB]:      4790647    4678.366     4.569

Dynamically allocated memory at amaxgroup_restr [B,KiB,MiB]:      4791247    4678.952     4.569

Dynamically allocated memory at amaxgroup_restr [B,KiB,MiB]:      4814295    4701.460     4.591

Dynamically allocated memory at amaxgroup_restr [B,KiB,MiB]:      4816563    4703.675     4.593

Dynamically allocated memory at amaxgroup_restr [B,KiB,MiB]:      4817907    4704.987     4.595

Dynamically allocated memory at amaxgroup_restr [B,KiB,MiB]:      4818807    4705.866     4.596

Dynamically allocated memory at amaxgroup_restr [B,KiB,MiB]:      4853379    4739.628     4.629

Dynamically allocated memory at amaxgroup_restr [B,KiB,MiB]:      4856783    4742.952     4.632

Dynamically allocated memory at amaxgroup_restr [B,KiB,MiB]:      4858799    4744.921     4.634

Dynamically allocated memory at amaxgroup_restr [B,KiB,MiB]:      4860147    4746.237     4.635

Dynamically allocated memory at amaxgroup_restr [B,KiB,MiB]:      4912003    4796.878     4.684

Dynamically allocated memory at amaxgroup_restr [B,KiB,MiB]:      4917107    4801.862     4.689

Dynamically allocated memory at amaxgroup_restr [B,KiB,MiB]:      4920131    4804.815     4.692

Dynamically allocated memory at amaxgroup_restr [B,KiB,MiB]:      4922155    4806.792     4.694

Dynamically allocated memory at amaxgroup_restr [B,KiB,MiB]:      4999939    4882.753     4.768

Dynamically allocated memory at amaxgroup_restr [B,KiB,MiB]:      5007595    4890.229     4.776

Dynamically allocated memory at amaxgroup_restr [B,KiB,MiB]:      5012131    4894.659     4.780

Dynamically allocated memory at amaxgroup_restr [B,KiB,MiB]:      5015167    4897.624     4.783

Dynamically allocated memory at amaxgroup_restr [B,KiB,MiB]:      5131843    5011.565     4.894
read_pa_232_> parameters    BONDS   ANGLS  DIHEDS IMPROPS    MODE
                                0       0       0       0     820
openf___224_> Open           template.B99990001.pdb

Dynamically allocated memory at       amaxmodel [B,KiB,MiB]:      5131843    5011.565     4.894
read_mo_297_> Segments, residues, atoms:        1      251     2014
read_mo_298_> Segment:        1  1:A  251:A     2014

Dynamically allocated memory at   amaxalignment [B,KiB,MiB]:      5140074    5019.604     4.902

Dynamically allocated memory at   amaxstructure [B,KiB,MiB]:      5287125    5163.208     5.042

Dynamically allocated memory at   amaxalignment [B,KiB,MiB]:      5289952    5165.969     5.045

Dynamically allocated memory at   amaxstructure [B,KiB,MiB]:      5437003    5309.573     5.185

getf_______W> RTF restraint not found in the atoms list:
              residue type, indices:    13     1
              atom names           : N     -C    CA    CD
              atom indices         :     1     0     2     3

mkilst______> segment topology constructed from sequence and RTF:
              segments residues  atoms  bonds angles dihedrals impropers:
                     1      251   2013   2064      0         0       850

patch_______> segment topology patched using RTF:  1 ;  PRO  ;  PROP
              segments residues  atoms  bonds angles dihedrals impropers:
                     1      251   2013   2064   2794      3332       850

patch_______> segment topology patched using RTF:  251 ;  ASP  ;  CTER
              segments residues  atoms  bonds angles dihedrals impropers:
                     1      251   2014   2065   2796      3334       851

genseg______> segment topology constructed from sequence and RTF:
              segments residues  atoms  bonds angles dihedrals impropers:
                     1      251   2014   2065   2796      3334       851
openf___224_> Open           template.B99990001.pdb

Dynamically allocated memory at amaxcoordinates [B,KiB,MiB]:      5448040    5320.352     5.196

Dynamically allocated memory at    amaxsequence [B,KiB,MiB]:      5448116    5320.426     5.196

Dynamically allocated memory at amaxcoordinates [B,KiB,MiB]:      5448287    5320.593     5.196

Dynamically allocated memory at amaxcoordinates [B,KiB,MiB]:      5449137    5321.423     5.197

Dynamically allocated memory at amaxcoordinates [B,KiB,MiB]:      5450395    5322.651     5.198

Dynamically allocated memory at amaxcoordinates [B,KiB,MiB]:      5452299    5324.511     5.200

Dynamically allocated memory at amaxcoordinates [B,KiB,MiB]:      5455155    5327.300     5.202

Dynamically allocated memory at    amaxsequence [B,KiB,MiB]:      5455195    5327.339     5.202

Dynamically allocated memory at amaxcoordinates [B,KiB,MiB]:      5455285    5327.427     5.203

Dynamically allocated memory at amaxcoordinates [B,KiB,MiB]:      5459569    5331.610     5.207

Dynamically allocated memory at    amaxsequence [B,KiB,MiB]:      5459629    5331.669     5.207

Dynamically allocated memory at amaxcoordinates [B,KiB,MiB]:      5459764    5331.801     5.207

Dynamically allocated memory at    amaxsequence [B,KiB,MiB]:      5459852    5331.887     5.207

Dynamically allocated memory at amaxcoordinates [B,KiB,MiB]:      5460050    5332.080     5.207

Dynamically allocated memory at amaxcoordinates [B,KiB,MiB]:      5466476    5338.355     5.213

Dynamically allocated memory at    amaxsequence [B,KiB,MiB]:      5466608    5338.484     5.213

Dynamically allocated memory at amaxcoordinates [B,KiB,MiB]:      5466905    5338.774     5.214

Dynamically allocated memory at amaxcoordinates [B,KiB,MiB]:      5476527    5348.171     5.223

Dynamically allocated memory at    amaxsequence [B,KiB,MiB]:      5476727    5348.366     5.223

Dynamically allocated memory at amaxcoordinates [B,KiB,MiB]:      5477177    5348.806     5.223

Dynamically allocated memory at amaxcoordinates [B,KiB,MiB]:      5491627    5362.917     5.237

Dynamically allocated memory at    amaxsequence [B,KiB,MiB]:      5491927    5363.210     5.238

Dynamically allocated memory at amaxcoordinates [B,KiB,MiB]:      5492602    5363.869     5.238

Dynamically allocated memory at amaxcoordinates [B,KiB,MiB]:      5514260    5385.020     5.259

Dynamically allocated memory at    amaxsequence [B,KiB,MiB]:      5514708    5385.457     5.259

Dynamically allocated memory at amaxcoordinates [B,KiB,MiB]:      5515716    5386.441     5.260

Dynamically allocated memory at amaxcoordinates [B,KiB,MiB]:      5548220    5418.184     5.291

Dynamically allocated memory at       amaxmodel [B,KiB,MiB]:      5780092    5644.621     5.512
read_mo_297_> Segments, residues, atoms:        1      251     2014
read_mo_298_> Segment:        1  1:A  251:A     2014
  #      ALGNMT CODE

  1  template
  2  template
transfe_506_> MODEL is an average of all templates.
transfe_511_> Number of templates for coordinate transfer:        1
              After transferring coordinates of the equivalent template atoms,
              there are defined, undefined atoms in MODEL:     2014        0
openf___224_> Open           alignment.ali

Dynamically allocated memory at   amaxalignment [B,KiB,MiB]:      5455871    5327.999     5.203

Dynamically allocated memory at   amaxalignment [B,KiB,MiB]:      5470963    5342.737     5.218

Dynamically allocated memory at   amaxalignment [B,KiB,MiB]:      5486363    5357.776     5.232

Dynamically allocated memory at   amaxalignment [B,KiB,MiB]:      5517163    5387.854     5.262

Dynamically allocated memory at   amaxalignment [B,KiB,MiB]:      5578763    5448.011     5.320

Dynamically allocated memory at    amaxsequence [B,KiB,MiB]:      5579711    5448.937     5.321

Dynamically allocated memory at    amaxsequence [B,KiB,MiB]:      5580711    5449.913     5.322

Read the alignment from file       : alignment.ali

Total number of alignment positions:   274

  #  Code        #_Res #_Segm PDB_code    Name
-------------------------------------------------------------------------------
  1     target     238      1 /curate/inp MOL_ID  1; MOLECULE  PROTEIN (SPORE COAT POLYSACCHARIDE BIOSYNTHESIS P SPSA); CH
  2   template     251      1    template
318 atoms selected for loop refinement
make_re_417_> Restraint type to be calculated:  bond
r_stere_606_> Stereochemical restraints were constructed from RTF & PRMF.
              Added bond,angle,dihedral,improper restraints  :      329       0       0       0
              Total number of restraints before, now         :        0      329
make_re_422_> Number of previous, current restraints         :        0      329
make_re_423_> Number of previous, current selected restraints:        0      329
make_re_417_> Restraint type to be calculated:  angle
r_stere_606_> Stereochemical restraints were constructed from RTF & PRMF.
              Added bond,angle,dihedral,improper restraints  :        0     452       0       0
              Total number of restraints before, now         :      329      781
make_re_422_> Number of previous, current restraints         :      329      781
make_re_423_> Number of previous, current selected restraints:      329      781
make_re_417_> Restraint type to be calculated:  improper
r_stere_606_> Stereochemical restraints were constructed from RTF & PRMF.
              Added bond,angle,dihedral,improper restraints  :        0       0       0     131
              Total number of restraints before, now         :      781      912
make_re_422_> Number of previous, current restraints         :      781      912
make_re_423_> Number of previous, current selected restraints:      781      912
make_re_417_> Restraint type to be calculated:  dihedral
r_stere_606_> Stereochemical restraints were constructed from RTF & PRMF.
              Added bond,angle,dihedral,improper restraints  :        0       0     515       0
              Total number of restraints before, now         :      912     1427
make_re_422_> Number of previous, current restraints         :      912     1427
make_re_423_> Number of previous, current selected restraints:      912     1427
make_re_417_> Restraint type to be calculated:  phi-psi_binormal

Dynamically allocated memory at   amaxstructure [B,KiB,MiB]:      5437003    5309.573     5.185
openf___224_> Open           ${MODINSTALL10v6}/modlib/mnch1.bin
openf___224_> Open           ${MODINSTALL10v6}/modlib/mnch1.mdt
getdata_643_> Protein accepted:  template
getdata_289_> Proteins (all/accepted):        1        1
make_re_422_> Number of previous, current restraints         :     1427     1480
make_re_423_> Number of previous, current selected restraints:     1427     1480
make_re_417_> Restraint type to be calculated:  omega_dihedral

Dynamically allocated memory at   amaxstructure [B,KiB,MiB]:      5437019    5309.589     5.185
openf___224_> Open           ${MODINSTALL10v6}/modlib/omega.bin
openf___224_> Open           ${MODINSTALL10v6}/modlib/omega.mdt
getdata_643_> Protein accepted:  template
getdata_289_> Proteins (all/accepted):        1        1
omgdel__425_> Unselected all O C +N +CA dihedrals:       48
              (This is to avoid clashes between STEREO
              and OMEGA_DIHEDRAL restraints)
make_re_422_> Number of previous, current restraints         :     1480     1526
make_re_423_> Number of previous, current selected restraints:     1480     1478
make_re_417_> Restraint type to be calculated:  chi1_dihedral

Dynamically allocated memory at   amaxstructure [B,KiB,MiB]:      5437019    5309.589     5.185
openf___224_> Open           ${MODINSTALL10v6}/modlib/chi1234.bin
openf___224_> Open           ${MODINSTALL10v6}/modlib/chi1.mdt
getdata_643_> Protein accepted:  template
getdata_289_> Proteins (all/accepted):        1        1
make_re_422_> Number of previous, current restraints         :     1526     1563
make_re_423_> Number of previous, current selected restraints:     1478     1515
make_re_417_> Restraint type to be calculated:  chi2_dihedral

Dynamically allocated memory at   amaxstructure [B,KiB,MiB]:      5437019    5309.589     5.185
openf___224_> Open           ${MODINSTALL10v6}/modlib/chi1234.bin
openf___224_> Open           ${MODINSTALL10v6}/modlib/chi2.mdt
getdata_643_> Protein accepted:  template
getdata_289_> Proteins (all/accepted):        1        1
make_re_422_> Number of previous, current restraints         :     1563     1591
make_re_423_> Number of previous, current selected restraints:     1515     1543
make_re_417_> Restraint type to be calculated:  chi3_dihedral

Dynamically allocated memory at   amaxstructure [B,KiB,MiB]:      5437019    5309.589     5.185
openf___224_> Open           ${MODINSTALL10v6}/modlib/chi1234.bin
openf___224_> Open           ${MODINSTALL10v6}/modlib/chi3.mdt
getdata_643_> Protein accepted:  template
getdata_289_> Proteins (all/accepted):        1        1
make_re_422_> Number of previous, current restraints         :     1591     1604
make_re_423_> Number of previous, current selected restraints:     1543     1556
make_re_417_> Restraint type to be calculated:  chi4_dihedral

Dynamically allocated memory at   amaxstructure [B,KiB,MiB]:      5437019    5309.589     5.185
openf___224_> Open           ${MODINSTALL10v6}/modlib/chi1234.bin
openf___224_> Open           ${MODINSTALL10v6}/modlib/chi4.mdt
mdtrsr__446W> A potential that relies on one protein is used, yet you have at
              least one known structure available. MDT, not library, potential is used.
getdata_643_> Protein accepted:  template
getdata_289_> Proteins (all/accepted):        1        1
make_re_422_> Number of previous, current restraints         :     1604     1612
make_re_423_> Number of previous, current selected restraints:     1556     1564
pick_re_612_> Number of MODEL atoms, selected restraints;      318     1612
rmdupl__427_>      276 redundant cosine dihedral restraints were unselected.
condens_443_> Restraints marked for deletion were removed.
              Total number of restraints before, now:     1612     1336
openf___224_> Open           template.lrsr
preppdf_457W> Both soft sphere and statistical potential terms selected.

Dynamically allocated memory at  amaxrestraints [B,KiB,MiB]:      5777967    5642.546     5.510


>> ENERGY; Differences between the model's features and restraints:
Number of all residues in MODEL                   :      251
Number of all, selected real atoms                :     2014     318
Number of all, selected pseudo atoms              :        0       0
Number of all static, selected restraints         :     1336    1336
COVALENT_CYS                                      :        F
NONBONDED_SEL_ATOMS                               :        1
Number of non-bonded pairs (excluding 1-2,1-3,1-4):    11410
Dynamic pairs routine                             : 5, NATM_SEL x NATM double loop
Atomic shift for contacts update (UPDATE_DYNAMIC) :    0.390
LENNARD_JONES_SWITCH                              :    6.500   7.500
COULOMB_JONES_SWITCH                              :    6.500   7.500
RESIDUE_SPAN_RANGE                                :        0   99999
NLOGN_USE                                         :       15
CONTACT_SHELL                                     :    7.000
DYNAMIC_PAIRS,_SPHERE,_COULOMB,_LENNARD,_MODELLER :        T       T       F       F       T
SPHERE_STDV                                       :    0.050
RADII_FACTOR                                      :    0.820
Current energy                                    :         945.1135





Summary of the restraint violations: 

   NUM     ... number of restraints.
   NUMVI   ... number of restraints with RVIOL > VIOL_REPORT_CUT[i].
   RVIOL   ... relative difference from the best value.
   NUMVP   ... number of restraints with -Ln(pdf) > VIOL_REPORT_CUT2[i].
   RMS_1   ... RMS(feature, minimally_violated_basis_restraint, NUMB).
   RMS_2   ... RMS(feature, best_value, NUMB).
   MOL.PDF ... scaled contribution to -Ln(Molecular pdf).

 #                     RESTRAINT_GROUP      NUM   NUMVI  NUMVP   RMS_1   RMS_2         MOL.PDF     S_i
------------------------------------------------------------------------------------------------------
 1 Bond length potential              :     329       0      0   0.011   0.011      10.759       1.000
 2 Bond angle potential               :     452       0      4   2.257   2.257      43.593       1.000
 3 Stereochemical cosine torsion poten:     239       0     11  44.872  44.872      84.054       1.000
 4 Stereochemical improper torsion pot:     131       0      0   1.590   1.590      6.8704       1.000
 5 Soft-sphere overlap restraints     :   11410       0      0   0.002   0.002      6.4053       1.000
 6 Lennard-Jones 6-12 potential       :       0       0      0   0.000   0.000      0.0000       1.000
 7 Coulomb point-point electrostatic p:       0       0      0   0.000   0.000      0.0000       1.000
 8 H-bonding potential                :       0       0      0   0.000   0.000      0.0000       1.000
 9 Distance restraints 1 (CA-CA)      :       0       0      0   0.000   0.000      0.0000       1.000
10 Distance restraints 2 (N-O)        :       0       0      0   0.000   0.000      0.0000       1.000
11 Mainchain Phi dihedral restraints  :       0       0      0   0.000   0.000      0.0000       1.000
12 Mainchain Psi dihedral restraints  :       0       0      0   0.000   0.000      0.0000       1.000
13 Mainchain Omega dihedral restraints:      46       0      0   3.488   3.488      6.6041       1.000
14 Sidechain Chi_1 dihedral restraints:      37       0      0  88.364  88.364      12.202       1.000
15 Sidechain Chi_2 dihedral restraints:      28       0      1  88.528  88.528      17.245       1.000
16 Sidechain Chi_3 dihedral restraints:      13       0      0  95.522  95.522      9.3852       1.000
17 Sidechain Chi_4 dihedral restraints:       8       0      0  82.147  82.147      4.6915       1.000
18 Disulfide distance restraints      :       0       0      0   0.000   0.000      0.0000       1.000
19 Disulfide angle restraints         :       0       0      0   0.000   0.000      0.0000       1.000
20 Disulfide dihedral angle restraints:       0       0      0   0.000   0.000      0.0000       1.000
21 Lower bound distance restraints    :       0       0      0   0.000   0.000      0.0000       1.000
22 Upper bound distance restraints    :       0       0      0   0.000   0.000      0.0000       1.000
23 Distance restraints 3 (SDCH-MNCH)  :       0       0      0   0.000   0.000      0.0000       1.000
24 Sidechain Chi_5 dihedral restraints:       0       0      0   0.000   0.000      0.0000       1.000
25 Phi/Psi pair of dihedral restraints:      53      32     16  51.709 126.574      113.26       1.000
26 Distance restraints 4 (SDCH-SDCH)  :       0       0      0   0.000   0.000      0.0000       1.000
27 Distance restraints 5 (X-Y)        :       0       0      0   0.000   0.000      0.0000       1.000
28 NMR distance restraints 6 (X-Y)    :       0       0      0   0.000   0.000      0.0000       1.000
29 NMR distance restraints 7 (X-Y)    :       0       0      0   0.000   0.000      0.0000       1.000
30 Minimal distance restraints        :       0       0      0   0.000   0.000      0.0000       1.000
31 Non-bonded restraints              :   11410       0    140   1.878   1.878      630.04       1.000
32 Atomic accessibility restraints    :       0       0      0   0.000   0.000      0.0000       1.000
33 Atomic density restraints          :       0       0      0   0.000   0.000      0.0000       1.000
34 Absolute position restraints       :       0       0      0   0.000   0.000      0.0000       1.000
35 Dihedral angle difference restraint:       0       0      0   0.000   0.000      0.0000       1.000
36 GBSA implicit solvent potential    :       0       0      0   0.000   0.000      0.0000       1.000
37 EM density fitting potential       :       0       0      0   0.000   0.000      0.0000       1.000
38 SAXS restraints                    :       0       0      0   0.000   0.000      0.0000       1.000
39 Symmetry restraints                :       0       0      0   0.000   0.000      0.0000       1.000



List of the violated restraints:
   A restraint is violated when the relative difference
   from the best value (RVIOL) is larger than CUTOFF.

   ICSR   ... index of a restraint in the current set.
   RESNO  ... residue numbers of the first two atoms.
   ATM    ... IUPAC atom names of the first two atoms.
   FEAT   ... the value of the feature in the model.
   restr  ... the mean of the basis restraint with the smallest
              difference from the model (local minimum).
   viol   ... difference from the local minimum.
   rviol  ... relative difference from the local minimum.
   RESTR  ... the best value (global minimum).
   VIOL   ... difference from the best value.
   RVIOL  ... relative difference from the best value.


-------------------------------------------------------------------------------------------------

Feature 25                           : Phi/Psi pair of dihedral restraints     
List of the RVIOL violations larger than   :       6.5000

    #   ICSR  RESNO1/2 ATM1/2   INDATM1/2    FEAT   restr    viol   rviol   RESTR    VIOL   RVIOL
    1   1152  44V  45C C   N     364  366  -59.02  -63.00    4.04    0.70 -117.90 -172.06    8.12
    1         45C  45C N   CA    366  367  -40.42  -41.10                  141.10
    2   1153  45C  46E C   N     370  372  -61.30  -69.30   11.39    0.64  -63.60  174.71   23.42
    2         46E  46E N   CA    372  373  134.40  142.50                  -40.30
    3   1154  46E  47K C   N     379  381 -147.00 -118.00   48.50    1.82  -62.90  164.37   26.36
    3         47K  47K N   CA    381  382  177.97  139.10                  -40.80
    4   1155  47K  48F C   N     388  390  -83.27  -71.40   50.06    4.30  -63.20  137.84   17.84
    4         48F  48F N   CA    390  391   92.07  140.70                  -44.30
    5   1156  48F  49E C   N     399  401  -99.18 -117.80   41.79    1.66  -63.60  144.15   17.51
    5         49E  49E N   CA    401  402   99.39  136.80                  -40.30
    6   1164  81I  82M C   N     662  664  -55.63  -73.00   41.81    2.61  -63.40  145.67   22.35
    6         82M  82M N   CA    664  665  104.97  143.00                  -40.50
    7   1165  82M  83N C   N     670  672 -157.83 -119.90  101.13    3.64  -63.20  129.32   20.99
    7         83N  83N N   CA    672  673 -129.25  137.00                  -41.10
    8   1167  84Q  85A C   N     687  689  -58.09  -68.20   23.57    1.56  -62.50  164.97   27.26
    8         85A  85A N   CA    689  690  124.01  145.30                  -40.90
    9   1168 122I 123A C   N     974  976   52.46  -62.50  145.10   29.37  -62.50  145.10   29.37
    9        123A 123A N   CA    976  977   47.63  -40.90                  -40.90
   10   1169 123A 124D C   N     979  981 -154.56  -96.50   80.12    3.35  -63.30  176.09   27.57
   10        124D 124D N   CA    981  982  169.41  114.20                  -40.00
   11   1170 124D 125S C   N     987  989 -148.82 -136.60   31.78    1.31  -64.10  167.47   18.24
   11        125S 125S N   CA    989  990 -179.46  151.20                  -35.00
   12   1171 125S 126P C   N     993  995  -71.09  -58.70   14.16    1.99  -64.50  175.57   12.76
   12        126P 126P N   CA    995  996  -37.35  -30.50                  147.20
   13   1175 143L 144A C   N    1128 1130  -96.76  -68.20   68.69    6.44  -62.50  128.39   19.67
   13        144A 144A N   CA   1130 1131   82.84  145.30                  -40.90
   14   1181 152L 153G C   N    1204 1206  136.35 -167.20   64.76    2.08   82.20  144.85    9.56
   14        153G 153G N   CA   1206 1207  142.85  174.60                    8.50
   15   1182 153G 154I C   N    1208 1210  -63.60  -63.40    1.86    0.31 -120.60 -175.24    8.49
   15        154I 154I N   CA   1210 1211  -45.45  -43.60                  130.30
   16   1183 154I 155R C   N    1216 1218 -123.23 -125.20   17.26    0.87  -63.00  172.04   27.39
   16        155R 155R N   CA   1218 1219  157.75  140.60                  -41.10
   17   1184 155R 156S C   N    1227 1229 -161.56 -136.60   44.27    1.59  -64.10  168.32   19.23
   17        156S 156S N   CA   1229 1230 -172.23  151.20                  -35.00
   18   1186 157Q 158S C   N    1242 1244 -125.15 -136.60   22.53    1.28  -64.10  166.02   16.35
   18        158S 158S N   CA   1244 1245  170.61  151.20                  -35.00
   19   1187 158S 159K C   N    1248 1250  -59.48  -70.20   10.79    0.76  -62.90 -179.97   23.20
   19        159K 159K N   CA   1250 1251  139.20  140.40                  -40.80
   20   1189 160P 161Y C   N    1264 1266 -142.87  -63.50   93.48   17.67  -63.50   93.48   17.67
   20        161Y 161Y N   CA   1266 1267  -92.78  -43.40                  -43.40
   21   1190 161Y 162D C   N    1276 1278  -76.27  -70.90   15.54    0.54  -63.30  155.66   20.02
   21        162D 162D N   CA   1278 1279  164.88  150.30                  -40.00
   22   1191 208V 209D C   N    1675 1677 -131.34  -96.50   39.65    1.64  -63.30 -173.98   19.95
   22        209D 209D N   CA   1677 1678  133.14  114.20                  -40.00
   23   1193 210N 211R C   N    1691 1693 -112.58 -125.20   67.92    3.52  -63.00  122.09   19.89
   23        211R 211R N   CA   1693 1694 -152.66  140.60                  -41.10
   24   1194 211R 212S C   N    1702 1704 -125.32 -136.60   17.55    0.59  -64.10 -176.72   11.29
   24        212S 212S N   CA   1704 1705  137.75  151.20                  -35.00
   25   1196 213Y 214L C   N    1720 1722 -125.56 -108.50   22.97    1.03  -63.50 -178.16   29.09
   25        214L 214L N   CA   1722 1723  147.88  132.50                  -41.20
   26   1197 214L 215L C   N    1728 1730 -108.80 -108.50   26.54    1.44  -63.50  153.98   19.31
   26        215L 215L N   CA   1730 1731  105.97  132.50                  -41.20
   27   1198 215L 216D C   N    1736 1738 -152.78  -63.30  108.31   13.31  -63.30  108.31   13.31
   27        216D 216D N   CA   1738 1739   21.03  -40.00                  -40.00
   28   1199 216D 217F C   N    1744 1746 -134.98 -124.20   30.94    1.15  -63.20  160.36   26.88
   28        217F 217F N   CA   1746 1747  172.30  143.30                  -44.30
   29   1200 217F 218K C   N    1755 1757 -146.16 -118.00   31.06    1.42  -62.90 -173.58   21.42
   29        218K 218K N   CA   1757 1758  126.00  139.10                  -40.80
   30   1201 218K 219S C   N    1764 1766  148.60 -136.60  115.80    3.91  -64.10  170.27   22.43
   30        219S 219S N   CA   1766 1767 -120.40  151.20                  -35.00
   31   1203 220I 221D C   N    1778 1780  177.35  -63.30  124.22   20.93  -63.30  124.22   20.93
   31        221D 221D N   CA   1780 1781  -74.44  -40.00                  -40.00
   32   1204 221D 222D C   N    1786 1788 -151.60  -96.50   63.00    2.61  -63.30 -163.77   29.92
   32        222D 222D N   CA   1788 1789  144.76  114.20                  -40.00


report______> Distribution of short non-bonded contacts:

  serious non-bonded atom clash:  1030 1913   2.016

DISTANCE1:  0.00 2.10 2.20 2.30 2.40 2.50 2.60 2.70 2.80 2.90 3.00 3.10 3.20 3.30 3.40
DISTANCE2:  2.10 2.20 2.30 2.40 2.50 2.60 2.70 2.80 2.90 3.00 3.10 3.20 3.30 3.40 3.50
FREQUENCY:     1    0    0    0    1   24   40  147  153  257  207  254  310  363  365


<< end of ENERGY.
openf___224_> Open           template.IL00000001.pdb
wrpdb___568_> Residues, atoms, selected atoms:      251     2014     2014
openf___224_> Open           template.IL00000001.pdb

Dynamically allocated memory at       amaxmodel [B,KiB,MiB]:      5777999    5642.577     5.510
read_mo_297_> Segments, residues, atoms:        1      251     2014
read_mo_298_> Segment:        1  1:A  251:A     2014
randomi_498_> Atoms,selected atoms,random_seed,amplitude:     2014      318        1        5.0000
randomi_496_> Amplitude is > 0; randomization is done.
preppdf_457W> Both soft sphere and statistical potential terms selected.
preppdf_457W> Both soft sphere and statistical potential terms selected.
preppdf_457W> Both soft sphere and statistical potential terms selected.
preppdf_457W> Both soft sphere and statistical potential terms selected.
preppdf_457W> Both soft sphere and statistical potential terms selected.
preppdf_457W> Both soft sphere and statistical potential terms selected.
preppdf_457W> Both soft sphere and statistical potential terms selected.
preppdf_457W> Both soft sphere and statistical potential terms selected.
preppdf_457W> Both soft sphere and statistical potential terms selected.
preppdf_457W> Both soft sphere and statistical potential terms selected.
preppdf_457W> Both soft sphere and statistical potential terms selected.
preppdf_457W> Both soft sphere and statistical potential terms selected.
preppdf_457W> Both soft sphere and statistical potential terms selected.
preppdf_457W> Both soft sphere and statistical potential terms selected.
preppdf_457W> Both soft sphere and statistical potential terms selected.

Dynamically allocated memory at  amaxrestraints [B,KiB,MiB]:      5874639    5736.952     5.602
preppdf_457W> Both soft sphere and statistical potential terms selected.
preppdf_457W> Both soft sphere and statistical potential terms selected.
preppdf_457W> Both soft sphere and statistical potential terms selected.
preppdf_457W> Both soft sphere and statistical potential terms selected.
preppdf_457W> Both soft sphere and statistical potential terms selected.
preppdf_457W> Both soft sphere and statistical potential terms selected.
preppdf_457W> Both soft sphere and statistical potential terms selected.
preppdf_457W> Both soft sphere and statistical potential terms selected.
preppdf_457W> Both soft sphere and statistical potential terms selected.
preppdf_457W> Both soft sphere and statistical potential terms selected.
preppdf_457W> Both soft sphere and statistical potential terms selected.
preppdf_457W> Both soft sphere and statistical potential terms selected.
preppdf_457W> Both soft sphere and statistical potential terms selected.
preppdf_457W> Both soft sphere and statistical potential terms selected.


>> ENERGY; Differences between the model's features and restraints:
Number of all residues in MODEL                   :      251
Number of all, selected real atoms                :     2014     318
Number of all, selected pseudo atoms              :        0       0
Number of all static, selected restraints         :     1336    1336
COVALENT_CYS                                      :        F
NONBONDED_SEL_ATOMS                               :        1
Number of non-bonded pairs (excluding 1-2,1-3,1-4):    12484
Dynamic pairs routine                             : 5, NATM_SEL x NATM double loop
Atomic shift for contacts update (UPDATE_DYNAMIC) :    0.390
LENNARD_JONES_SWITCH                              :    6.500   7.500
COULOMB_JONES_SWITCH                              :    6.500   7.500
RESIDUE_SPAN_RANGE                                :        0   99999
NLOGN_USE                                         :       15
CONTACT_SHELL                                     :    7.000
DYNAMIC_PAIRS,_SPHERE,_COULOMB,_LENNARD,_MODELLER :        T       T       F       F       T
SPHERE_STDV                                       :    0.050
RADII_FACTOR                                      :    0.820
Current energy                                    :        1919.0814





Summary of the restraint violations: 

   NUM     ... number of restraints.
   NUMVI   ... number of restraints with RVIOL > VIOL_REPORT_CUT[i].
   RVIOL   ... relative difference from the best value.
   NUMVP   ... number of restraints with -Ln(pdf) > VIOL_REPORT_CUT2[i].
   RMS_1   ... RMS(feature, minimally_violated_basis_restraint, NUMB).
   RMS_2   ... RMS(feature, best_value, NUMB).
   MOL.PDF ... scaled contribution to -Ln(Molecular pdf).

 #                     RESTRAINT_GROUP      NUM   NUMVI  NUMVP   RMS_1   RMS_2         MOL.PDF     S_i
------------------------------------------------------------------------------------------------------
 1 Bond length potential              :     329       3     13   0.037   0.037      118.62       1.000
 2 Bond angle potential               :     452      12     32   5.829   5.829      286.40       1.000
 3 Stereochemical cosine torsion poten:     239       0     19  50.114  50.114      108.46       1.000
 4 Stereochemical improper torsion pot:     131       1      6   4.549   4.549      57.972       1.000
 5 Soft-sphere overlap restraints     :   12484      19     34   0.018   0.018      458.04       1.000
 6 Lennard-Jones 6-12 potential       :       0       0      0   0.000   0.000      0.0000       1.000
 7 Coulomb point-point electrostatic p:       0       0      0   0.000   0.000      0.0000       1.000
 8 H-bonding potential                :       0       0      0   0.000   0.000      0.0000       1.000
 9 Distance restraints 1 (CA-CA)      :       0       0      0   0.000   0.000      0.0000       1.000
10 Distance restraints 2 (N-O)        :       0       0      0   0.000   0.000      0.0000       1.000
11 Mainchain Phi dihedral restraints  :       0       0      0   0.000   0.000      0.0000       1.000
12 Mainchain Psi dihedral restraints  :       0       0      0   0.000   0.000      0.0000       1.000
13 Mainchain Omega dihedral restraints:      46       1      8   9.888   9.888      53.080       1.000
14 Sidechain Chi_1 dihedral restraints:      37       0      2  81.576  81.576      23.333       1.000
15 Sidechain Chi_2 dihedral restraints:      28       0      2  82.928  82.928      22.806       1.000
16 Sidechain Chi_3 dihedral restraints:      13       0      0  79.070  79.070      13.460       1.000
17 Sidechain Chi_4 dihedral restraints:       8       0      0  91.086  91.086      7.6255       1.000
18 Disulfide distance restraints      :       0       0      0   0.000   0.000      0.0000       1.000
19 Disulfide angle restraints         :       0       0      0   0.000   0.000      0.0000       1.000
20 Disulfide dihedral angle restraints:       0       0      0   0.000   0.000      0.0000       1.000
21 Lower bound distance restraints    :       0       0      0   0.000   0.000      0.0000       1.000
22 Upper bound distance restraints    :       0       0      0   0.000   0.000      0.0000       1.000
23 Distance restraints 3 (SDCH-MNCH)  :       0       0      0   0.000   0.000      0.0000       1.000
24 Sidechain Chi_5 dihedral restraints:       0       0      0   0.000   0.000      0.0000       1.000
25 Phi/Psi pair of dihedral restraints:      53      37     22  64.544 133.861      185.82       1.000
26 Distance restraints 4 (SDCH-SDCH)  :       0       0      0   0.000   0.000      0.0000       1.000
27 Distance restraints 5 (X-Y)        :       0       0      0   0.000   0.000      0.0000       1.000
28 NMR distance restraints 6 (X-Y)    :       0       0      0   0.000   0.000      0.0000       1.000
29 NMR distance restraints 7 (X-Y)    :       0       0      0   0.000   0.000      0.0000       1.000
30 Minimal distance restraints        :       0       0      0   0.000   0.000      0.0000       1.000
31 Non-bonded restraints              :   12484       0    164   1.876   1.876      583.46       1.000
32 Atomic accessibility restraints    :       0       0      0   0.000   0.000      0.0000       1.000
33 Atomic density restraints          :       0       0      0   0.000   0.000      0.0000       1.000
34 Absolute position restraints       :       0       0      0   0.000   0.000      0.0000       1.000
35 Dihedral angle difference restraint:       0       0      0   0.000   0.000      0.0000       1.000
36 GBSA implicit solvent potential    :       0       0      0   0.000   0.000      0.0000       1.000
37 EM density fitting potential       :       0       0      0   0.000   0.000      0.0000       1.000
38 SAXS restraints                    :       0       0      0   0.000   0.000      0.0000       1.000
39 Symmetry restraints                :       0       0      0   0.000   0.000      0.0000       1.000



List of the violated restraints:
   A restraint is violated when the relative difference
   from the best value (RVIOL) is larger than CUTOFF.

   ICSR   ... index of a restraint in the current set.
   RESNO  ... residue numbers of the first two atoms.
   ATM    ... IUPAC atom names of the first two atoms.
   FEAT   ... the value of the feature in the model.
   restr  ... the mean of the basis restraint with the smallest
              difference from the model (local minimum).
   viol   ... difference from the local minimum.
   rviol  ... relative difference from the local minimum.
   RESTR  ... the best value (global minimum).
   VIOL   ... difference from the best value.
   RVIOL  ... relative difference from the best value.


-------------------------------------------------------------------------------------------------

Feature  1                           : Bond length potential                   
List of the RVIOL violations larger than   :       4.5000

    #   ICSR  RESNO1/2 ATM1/2   INDATM1/2    FEAT   restr    viol   rviol   RESTR    VIOL   RVIOL
    1    287 217F 217F CB  CA   1748 1747    1.92    1.54    0.38   10.35    1.54    0.38   10.35
    2    288 217F 217F CG  CB   1749 1748    1.70    1.49    0.21    5.85    1.49    0.21    5.85

-------------------------------------------------------------------------------------------------

Feature  2                           : Bond angle potential                    
List of the RVIOL violations larger than   :       4.5000

    #   ICSR  RESNO1/2 ATM1/2   INDATM1/2    FEAT   restr    viol   rviol   RESTR    VIOL   RVIOL
    1    705 215L 215L CA  CB   1731 1732  132.15  113.50   18.65    4.58  113.50   18.65    4.58
    2    725 217F 217F N   CA   1746 1747  133.22  113.50   19.72    5.30  113.50   19.72    5.30
    3    727 217F 217F CA  CB   1747 1748  140.64  107.50   33.14    7.66  107.50   33.14    7.66
    4    739 217F 218K C   N    1755 1757  144.43  120.00   24.43    5.55  120.00   24.43    5.55
    5    741 218K 218K N   CA   1757 1758  139.26  113.50   25.76    6.93  113.50   25.76    6.93
    6    750 218K 219S C   N    1764 1766  157.56  120.00   37.56    8.53  120.00   37.56    8.53
    7    752 219S 219S N   CA   1766 1767  133.76  113.50   20.26    5.45  113.50   20.26    5.45
    8    753 219S 219S N   CA   1766 1767  123.47  107.00   16.47    4.73  107.00   16.47    4.73

-------------------------------------------------------------------------------------------------

Feature 13                           : Mainchain Omega dihedral restraints     
List of the RVIOL violations larger than   :       4.5000

    #   ICSR  RESNO1/2 ATM1/2   INDATM1/2    FEAT   restr    viol   rviol   RESTR    VIOL   RVIOL
    1   1248 219S 219S CA  C    1767 1770 -147.60  180.00   32.40    6.48  180.00   32.40    6.48

-------------------------------------------------------------------------------------------------

Feature 25                           : Phi/Psi pair of dihedral restraints     
List of the RVIOL violations larger than   :       6.5000

    #   ICSR  RESNO1/2 ATM1/2   INDATM1/2    FEAT   restr    viol   rviol   RESTR    VIOL   RVIOL
    1   1153  45C  46E C   N     370  372  -57.81  -69.30   29.86    1.87  -63.60  155.34   21.03
    1         46E  46E N   CA    372  373  114.94  142.50                  -40.30
    2   1154  46E  47K C   N     379  381 -129.86 -118.00   18.51    0.68  -62.90  178.89   27.24
    2         47K  47K N   CA    381  382  153.31  139.10                  -40.80
    3   1155  47K  48F C   N     388  390  -61.74  -71.40   49.59    3.71  -63.20  136.37   19.04
    3         48F  48F N   CA    390  391   92.07  140.70                  -44.30
    4   1156  48F  49E C   N     399  401  -99.18 -117.80   47.31    1.94  -63.60  138.27   16.74
    4         49E  49E N   CA    401  402   93.31  136.80                  -40.30
    5   1161  78N  79R C   N     632  634   43.53   57.30   14.37    1.78  -63.00  130.27   23.71
    5         79R  79R N   CA    634  635   33.88   38.00                  -41.10
    6   1162  79R  80R C   N     643  645 -112.78  -63.00   93.48   15.95  -63.00   93.48   15.95
    6         80R  80R N   CA    645  646 -120.22  -41.10                  -41.10
    7   1164  81I  82M C   N     662  664  152.09 -125.60  113.01    3.42  -63.40  176.63   35.86
    7         82M  82M N   CA    664  665 -142.06  140.50                  -40.50
    8   1166  83N  84Q C   N     678  680   87.04 -121.10  152.03    5.57  -63.80 -130.57   29.62
    8         84Q  84Q N   CA    680  681  146.83  139.70                  -40.30
    9   1167  84Q  85A C   N     687  689  -66.54  -68.20   21.36    1.66  -62.50  164.96   26.85
    9         85A  85A N   CA    689  690  124.01  145.30                  -40.90
   10   1168 122I 123A C   N     974  976   52.46  -68.20  146.76    9.60  -62.50  154.13   31.00
   10        123A 123A N   CA    976  977   61.76  145.30                  -40.90
   11   1169 123A 124D C   N     979  981 -166.02  -96.50   97.65    4.08  -63.30  171.41   27.62
   11        124D 124D N   CA    981  982 -177.23  114.20                  -40.00
   12   1170 124D 125S C   N     987  989 -169.73 -136.60   35.05    1.13  -64.10 -166.31   21.66
   12        125S 125S N   CA    989  990  162.65  151.20                  -35.00
   13   1171 125S 126P C   N     993  995  -53.93  -58.70    8.35    0.51  -64.50  175.76   13.68
   13        126P 126P N   CA    995  996  -37.35  -30.50                  147.20
   14   1176 144A 145V C   N    1133 1135  -71.66  -62.40   11.15    1.39 -125.40 -172.65    7.79
   14        145V 145V N   CA   1135 1136  -36.18  -42.40                  143.30
   15   1177 145V 146K C   N    1140 1142 -115.94  -62.90   54.14    9.26  -62.90   54.14    9.26
   15        146K 146K N   CA   1142 1143  -51.66  -40.80                  -40.80
   16   1180 151H 152L C   N    1196 1198  -91.13 -108.50   25.31    1.15  -63.50  157.73   20.49
   16        152L 152L N   CA   1198 1199  114.09  132.50                  -41.20
   17   1181 152L 153G C   N    1204 1206  112.28   78.70   51.39    1.02   82.20  149.55    8.73
   17        153G 153G N   CA   1206 1207  154.99 -166.10                    8.50
   18   1183 154I 155R C   N    1216 1218  -63.88  -72.10   25.51    1.78  -63.00  158.86   21.41
   18        155R 155R N   CA   1218 1219  117.76  141.90                  -41.10
   19   1184 155R 156S C   N    1227 1229 -177.40  -64.10  125.19   16.66  -64.10  125.19   16.66
   19        156S 156S N   CA   1229 1230  -88.26  -35.00                  -35.00
   20   1185 156S 157Q C   N    1233 1235  -84.92  -73.00   24.47    1.41  -63.80  159.03   24.51
   20        157Q 157Q N   CA   1235 1236  162.07  140.70                  -40.30
   21   1186 157Q 158S C   N    1242 1244  -93.12  -72.40   25.18    1.30  -64.10  160.94   13.60
   21        158S 158S N   CA   1244 1245  166.70  152.40                  -35.00
   22   1187 158S 159K C   N    1248 1250 -146.96 -118.00   29.06    1.14  -62.90 -163.56   22.58
   22        159K 159K N   CA   1250 1251  136.74  139.10                  -40.80
   23   1190 161Y 162D C   N    1276 1278  -73.98  -70.90   14.91    0.59  -63.30  155.48   19.86
adding gasteiger charges to peptide
   23        162D 162D N   CA   1278 1279  164.88  150.30                  -40.00
   24   1191 208V 209D C   N    1675 1677 -131.34  -96.50   35.05    1.43  -63.30  165.02   17.57
   24        209D 209D N   CA   1677 1678  110.34  114.20                  -40.00
   25   1192 209D 210N C   N    1683 1685 -125.17  -63.20   73.88   12.14  -63.20   73.88   12.14
   25        210N 210N N   CA   1685 1686  -81.32  -41.10                  -41.10
   26   1193 210N 211R C   N    1691 1693  -76.61  -72.10   42.41    3.36  -63.00  141.49   18.24
   26        211R 211R N   CA   1693 1694   99.73  141.90                  -41.10
   27   1194 211R 212S C   N    1702 1704  162.92  -64.10  135.38   17.97  -64.10  135.38   17.97
   27        212S 212S N   CA   1704 1705  -60.36  -35.00                  -35.00
   28   1195 212S 213Y C   N    1708 1710 -111.44  -98.40   13.39    0.63  -63.50 -178.71   26.50
   28        213Y 213Y N   CA   1710 1711  131.44  128.40                  -43.40
   29   1196 213Y 214L C   N    1720 1722  -84.90  -70.70   26.41    1.63  -63.50  156.41   23.01
   29        214L 214L N   CA   1722 1723  163.87  141.60                  -41.20
   30   1197 214L 215L C   N    1728 1730 -116.21 -108.50   58.62    3.08  -63.50  138.61   22.51
   30        215L 215L N   CA   1730 1731 -169.39  132.50                  -41.20
   31   1198 215L 216D C   N    1736 1738  -81.98  -96.50   18.50    0.76  -63.30  166.71   19.52
   31        216D 216D N   CA   1738 1739  125.66  114.20                  -40.00
   32   1199 216D 217F C   N    1744 1746 -157.50  -63.20   96.98   16.77  -63.20   96.98   16.77
   32        217F 217F N   CA   1746 1747  -66.95  -44.30                  -44.30
   33   1200 217F 218K C   N    1755 1757 -171.50 -118.00  114.70    5.94  -62.90  133.97   17.32
   33        218K 218K N   CA   1757 1758   37.64  139.10                  -40.80
   34   1201 218K 219S C   N    1764 1766  137.74 -136.60  112.98    3.54  -64.10 -172.81   24.49
   34        219S 219S N   CA   1766 1767 -135.13  151.20                  -35.00
   35   1202 219S 220I C   N    1770 1772 -138.01  -63.40   95.68   14.92 -120.60  115.32    7.26
   35        220I 220I N   CA   1772 1773   16.30  -43.60                  130.30
   36   1203 220I 221D C   N    1778 1780  144.29  -63.30  165.63   28.22  -63.30  165.63   28.22
   36        221D 221D N   CA   1780 1781 -104.86  -40.00                  -40.00
   37   1204 221D 222D C   N    1786 1788 -114.66  -96.50   35.55    1.50  -63.30 -177.39   25.86
   37        222D 222D N   CA   1788 1789  144.76  114.20                  -40.00


report______> Distribution of short non-bonded contacts:

  serious non-bonded atom clash:   750 1766   2.227
  serious non-bonded atom clash:  1030 1913   2.016
  serious non-bonded atom clash:  1060 1748   2.056
  serious non-bonded atom clash:  1060 1755   2.222
  serious non-bonded atom clash:  1060 1757   1.993
  serious non-bonded atom clash:  1077 1748   2.262

DISTANCE1:  0.00 2.10 2.20 2.30 2.40 2.50 2.60 2.70 2.80 2.90 3.00 3.10 3.20 3.30 3.40
DISTANCE2:  2.10 2.20 2.30 2.40 2.50 2.60 2.70 2.80 2.90 3.00 3.10 3.20 3.30 3.40 3.50
FREQUENCY:     3    0    3    2    4   35   44  168  158  257  206  298  319  363  384


<< end of ENERGY.
iupac_m_486_> OE1/2 will be swapped:     -163.7572       46  46
iupac_m_487_> NH1/2 swapped:      155.9848       80  80
iupac_m_485_> OD1/2 will be swapped:     -158.1784      124  124
iupac_m_483_> CD1/2 CE1/2 swapped:      102.7043      161  161
iupac_m_397W> Atoms were not swapped because of the uncertainty of how to handle the H atom.
iupac_m_483_> CD1/2 CE1/2 swapped:      127.2005      217  217
iupac_m_397W> Atoms were not swapped because of the uncertainty of how to handle the H atom.
openf___224_> Open           template.BL00010001.pdb
wrpdb___568_> Residues, atoms, selected atoms:      251     2014     2014

>> Summary of successfully produced models:
Filename                          molpdf
----------------------------------------
template.B99990001.pdb        2335.53955


>> Summary of successfully produced loop models:
Filename                          molpdf
----------------------------------------
template.BL00010001.pdb       1919.08142

 [Protein_prep] Start fixing: /curate/protein_prep/modeller/modeller.pdb
 [Protein_prep] Done. Final file: '/curate/protein_prep/minimization/add_missing_atoms.pdb'

 [Protein_prep] Solvating (TIP3P) and Minimizing: /curate/protein_prep/minimization/add_missing_atoms.pdb
 [Protein_prep] Done. Final file: /curate/protein_prep/minimization/minimized.pdb
check
['vina', 'gnina', 'ad4']
 Copying output back into Nextflow work directory...
