
==========
== CUDA ==
==========

CUDA Version 12.6.0

Container image Copyright (c) 2016-2023, NVIDIA CORPORATION & AFFILIATES. All rights reserved.

This container image and its contents are governed by the NVIDIA Deep Learning Container License.
By pulling and using the container, you accept the terms and conditions of this license:
https://developer.nvidia.com/ngc/nvidia-deep-learning-container-license

A copy of this license is made available in this container at /NGC-DL-CONTAINER-LICENSE for your convenience.

WARNING: The NVIDIA Driver was not detected.  GPU functionality will not be available.
   Use the NVIDIA Container Toolkit to start this container with GPU support; see
   https://docs.nvidia.com/datacenter/cloud-native/ .


                         MODELLER 10.6, 2024/10/17, r12888

     PROTEIN STRUCTURE MODELLING BY SATISFACTION OF SPATIAL RESTRAINTS


                     Copyright(c) 1989-2024 Andrej Sali
                            All Rights Reserved

                             Written by A. Sali
                               with help from
              B. Webb, M.S. Madhusudhan, M-Y. Shen, G.Q. Dong,
          M.A. Marti-Renom, N. Eswar, F. Alber, M. Topf, B. Oliva,
             A. Fiser, R. Sanchez, B. Yerkovich, A. Badretdinov,
                     F. Melo, J.P. Overington, E. Feyfant
                 University of California, San Francisco, USA
                    Rockefeller University, New York, USA
                      Harvard University, Cambridge, USA
                   Imperial Cancer Research Fund, London, UK
              Birkbeck College, University of London, London, UK


Kind, OS, HostName, Kernel, Processor: 4, Linux 54cf1abb0240 6.8.0-59-generic x86_64
Date and time of compilation         : 2024/10/17 20:34:40
MODELLER executable type             : x86_64-intel8
Job starting time (YY/MM/DD HH:MM:SS): 2025/05/21 05:24:47

Successfully converted '/curate/protein_prep/modeller/aligned.aln' to '/curate/protein_prep/modeller/alignment.ali'!
openf___224_> Open           $(LIB)/restyp.lib
openf___224_> Open           ${MODINSTALL10v6}/modlib/resgrp.lib
rdresgr_266_> Number of residue groups:        2
openf___224_> Open           ${MODINSTALL10v6}/modlib/sstruc.lib

Dynamically allocated memory at   amaxlibraries [B,KiB,MiB]:       191566     187.076     0.183

Dynamically allocated memory at   amaxlibraries [B,KiB,MiB]:       192094     187.592     0.183
openf___224_> Open           ${MODINSTALL10v6}/modlib/resdih.lib

Dynamically allocated memory at   amaxlibraries [B,KiB,MiB]:       240694     235.053     0.230
rdrdih__263_> Number of dihedral angle types         :        9
              Maximal number of dihedral angle optima:        3
              Dihedral angle names                   :  Alph Phi Psi Omeg chi1 chi2 chi3 chi4 chi5
openf___224_> Open           ${MODINSTALL10v6}/modlib/radii.lib

Dynamically allocated memory at   amaxlibraries [B,KiB,MiB]:       253994     248.041     0.242
openf___224_> Open           ${MODINSTALL10v6}/modlib/af_mnchdef.lib
rdwilmo_274_> Mainchain residue conformation classes:  APBLE
openf___224_> Open           ${MODINSTALL10v6}/modlib/mnch.lib
rdclass_257_> Number of classes:        5
openf___224_> Open           ${MODINSTALL10v6}/modlib/mnch1.lib
openf___224_> Open           ${MODINSTALL10v6}/modlib/mnch2.lib
openf___224_> Open           ${MODINSTALL10v6}/modlib/mnch3.lib
openf___224_> Open           ${MODINSTALL10v6}/modlib/xs4.mat
rdrrwgh_268_> Number of residue types:       21
openf___224_> Open           alignment.ali

Dynamically allocated memory at   amaxalignment [B,KiB,MiB]:       282617     275.993     0.270

Dynamically allocated memory at   amaxalignment [B,KiB,MiB]:       297709     290.731     0.284

Dynamically allocated memory at   amaxalignment [B,KiB,MiB]:       313109     305.771     0.299

Dynamically allocated memory at   amaxalignment [B,KiB,MiB]:       343909     335.849     0.328

Dynamically allocated memory at   amaxalignment [B,KiB,MiB]:       405509     396.005     0.387

Dynamically allocated memory at    amaxsequence [B,KiB,MiB]:       406457     396.931     0.388

Dynamically allocated memory at    amaxsequence [B,KiB,MiB]:       407473     397.923     0.389

Read the alignment from file       : alignment.ali

Total number of alignment positions:   255

  #  Code        #_Res #_Segm PDB_code    Name
-------------------------------------------------------------------------------
  1     target     238      1 /curate/inp MOL_ID  1; MOLECULE  PROTEIN (SPORE COAT POLYSACCHARIDE BIOSYNTHESIS P SPSA); CH
  2   template     255      1    template
check_a_343_> >> BEGINNING OF COMMAND
openf___224_> Open           /curate/input/protein/1qg8.pdb

Dynamically allocated memory at amaxcoordinates [B,KiB,MiB]:       480598     469.334     0.458

Dynamically allocated memory at    amaxsequence [B,KiB,MiB]:       480598     469.334     0.458

Dynamically allocated memory at amaxcoordinates [B,KiB,MiB]:       480769     469.501     0.458

Dynamically allocated memory at amaxcoordinates [B,KiB,MiB]:       481619     470.331     0.459

Dynamically allocated memory at amaxcoordinates [B,KiB,MiB]:       482877     471.560     0.461

Dynamically allocated memory at amaxcoordinates [B,KiB,MiB]:       484781     473.419     0.462

Dynamically allocated memory at    amaxsequence [B,KiB,MiB]:       484781     473.419     0.462

Dynamically allocated memory at amaxcoordinates [B,KiB,MiB]:       484871     473.507     0.462

Dynamically allocated memory at amaxcoordinates [B,KiB,MiB]:       487727     476.296     0.465

Dynamically allocated memory at    amaxsequence [B,KiB,MiB]:       487727     476.296     0.465

Dynamically allocated memory at amaxcoordinates [B,KiB,MiB]:       487862     476.428     0.465

Dynamically allocated memory at amaxcoordinates [B,KiB,MiB]:       492146     480.611     0.469

Dynamically allocated memory at    amaxsequence [B,KiB,MiB]:       492146     480.611     0.469

Dynamically allocated memory at amaxcoordinates [B,KiB,MiB]:       492344     480.805     0.470

Dynamically allocated memory at amaxcoordinates [B,KiB,MiB]:       498770     487.080     0.476

Dynamically allocated memory at    amaxsequence [B,KiB,MiB]:       498770     487.080     0.476

Dynamically allocated memory at amaxcoordinates [B,KiB,MiB]:       499067     487.370     0.476

Dynamically allocated memory at amaxcoordinates [B,KiB,MiB]:       508689     496.767     0.485

Dynamically allocated memory at    amaxsequence [B,KiB,MiB]:       508689     496.767     0.485

Dynamically allocated memory at amaxcoordinates [B,KiB,MiB]:       509139     497.206     0.486

Dynamically allocated memory at amaxcoordinates [B,KiB,MiB]:       523589     511.317     0.499

Dynamically allocated memory at    amaxsequence [B,KiB,MiB]:       523589     511.317     0.499

Dynamically allocated memory at amaxcoordinates [B,KiB,MiB]:       524264     511.977     0.500

Dynamically allocated memory at amaxcoordinates [B,KiB,MiB]:       545922     533.127     0.521

Dynamically allocated memory at    amaxsequence [B,KiB,MiB]:       545922     533.127     0.521

Dynamically allocated memory at amaxcoordinates [B,KiB,MiB]:       546930     534.111     0.522

Dynamically allocated memory at amaxcoordinates [B,KiB,MiB]:       579434     565.854     0.553

Dynamically allocated memory at   amaxstructure [B,KiB,MiB]:       578543     564.983     0.552

check_ali___> Checking the sequence-structure alignment. 

Implied intrachain target CA(i)-CA(i+1) distances longer than  8.0 angstroms:

ALN_POS  TMPL  RID1  RID2  NAM1  NAM2     DIST
----------------------------------------------
END OF TABLE
check_a_344_> << END OF COMMAND
openf___224_> Open           ${LIB}/top_heav.lib
read_to_681_> topology.submodel read from topology file:        3
openf___224_> Open           ${LIB}/par.lib

Dynamically allocated memory at  amaxparameters [B,KiB,MiB]:       717795     700.972     0.685

Dynamically allocated memory at  amaxparameters [B,KiB,MiB]:       719395     702.534     0.686

Dynamically allocated memory at  amaxparameters [B,KiB,MiB]:       723375     706.421     0.690

Dynamically allocated memory at  amaxparameters [B,KiB,MiB]:       725375     708.374     0.692

Dynamically allocated memory at  amaxparameters [B,KiB,MiB]:       728375     711.304     0.695

Dynamically allocated memory at  amaxparameters [B,KiB,MiB]:       732875     715.698     0.699

Dynamically allocated memory at  amaxparameters [B,KiB,MiB]:       738447     721.140     0.704

Dynamically allocated memory at  amaxparameters [B,KiB,MiB]:       741247     723.874     0.707

Dynamically allocated memory at  amaxparameters [B,KiB,MiB]:       745447     727.976     0.711

Dynamically allocated memory at  amaxparameters [B,KiB,MiB]:       751747     734.128     0.717

Dynamically allocated memory at  amaxparameters [B,KiB,MiB]:       754519     736.835     0.720

Dynamically allocated memory at  amaxparameters [B,KiB,MiB]:       755919     738.202     0.721
read_pa_232_> parameters    BONDS   ANGLS  DIHEDS IMPROPS    MODE
                              227     561     661     112       0

Dynamically allocated memory at       amaxmodel [B,KiB,MiB]:       795797     777.146     0.759

Dynamically allocated memory at       amaxmodel [B,KiB,MiB]:      1005223     981.663     0.959

Dynamically allocated memory at       amaxmodel [B,KiB,MiB]:      1037615    1013.296     0.990

getf_______W> RTF restraint not found in the atoms list:
              residue type, indices:    13     1
              atom names           : N     -C    CA    CD
              atom indices         :     1     0     2     3

mkilst______> segment topology constructed from sequence and RTF:
              segments residues  atoms  bonds angles dihedrals impropers:
                     1      255   2118   2169      0         0       939

Dynamically allocated memory at       amaxmodel [B,KiB,MiB]:      1128267    1101.823     1.076

patch_______> segment topology patched using RTF:  1 ;  PRO  ;  PROP
              segments residues  atoms  bonds angles dihedrals impropers:
                     1      255   2118   2169   2934      3467       939


Dynamically allocated memory at       amaxmodel [B,KiB,MiB]:      1220347    1191.745     1.164
patch_______> segment topology patched using RTF:  255 ;  GLY  ;  CTER
              segments residues  atoms  bonds angles dihedrals impropers:
                     1      255   2119   2170   2936      3468       940

genseg______> segment topology constructed from sequence and RTF:
              segments residues  atoms  bonds angles dihedrals impropers:
                     1      255   2119   2170   2936      3468       940

Dynamically allocated memory at       amaxmodel [B,KiB,MiB]:      1241951    1212.843     1.184
patch_______> segment topology patched using RTF:  154 242 ;  CYS  CYS  ;  DISU
              segments residues  atoms  bonds angles dihedrals impropers:
                     1      255   2119   2171   2938      3471       940
patch_s_522_> Number of disulfides patched in MODEL:        1
transfe_506_> MODEL is an average of all templates.
transfe_511_> Number of templates for coordinate transfer:        1
              After transferring coordinates of the equivalent template atoms,
              there are defined, undefined atoms in MODEL:     1968      151
openf___224_> Open           template.ini
wrpdb___568_> Residues, atoms, selected atoms:      255     2119     2119
make_re_417_> Restraint type to be calculated:  stereo

Dynamically allocated memory at  amaxrestraints [B,KiB,MiB]:      1349400    1317.773     1.287

Dynamically allocated memory at  amaxrestraints [B,KiB,MiB]:      1357592    1325.773     1.295

Dynamically allocated memory at  amaxrestraints [B,KiB,MiB]:      1373976    1341.773     1.310

Dynamically allocated memory at  amaxrestraints [B,KiB,MiB]:      1406744    1373.773     1.342

Dynamically allocated memory at  amaxrestraints [B,KiB,MiB]:      1439512    1405.773     1.373

Dynamically allocated memory at  amaxrestraints [B,KiB,MiB]:      1505048    1469.773     1.435

Dynamically allocated memory at  amaxrestraints [B,KiB,MiB]:      1537816    1501.773     1.467

Dynamically allocated memory at  amaxrestraints [B,KiB,MiB]:      1570584    1533.773     1.498

Dynamically allocated memory at  amaxrestraints [B,KiB,MiB]:      1636120    1597.773     1.560

Dynamically allocated memory at  amaxrestraints [B,KiB,MiB]:      1767192    1725.773     1.685

Dynamically allocated memory at  amaxrestraints [B,KiB,MiB]:      1832728    1789.773     1.748

Dynamically allocated memory at  amaxrestraints [B,KiB,MiB]:      1898264    1853.773     1.810

Dynamically allocated memory at  amaxrestraints [B,KiB,MiB]:      2029336    1981.773     1.935
r_stere_606_> Stereochemical restraints were constructed from RTF & PRMF.
              Added bond,angle,dihedral,improper restraints  :     2171    2938    3293     930
              Total number of restraints before, now         :        0     9332
make_re_422_> Number of previous, current restraints         :        0     9332
make_re_423_> Number of previous, current selected restraints:        0     9332
make_re_417_> Restraint type to be calculated:  phi-psi_binormal

Dynamically allocated memory at   amaxstructure [B,KiB,MiB]:      2179212    2128.137     2.078
openf___224_> Open           ${MODINSTALL10v6}/modlib/mnch1.bin
openf___224_> Open           ${MODINSTALL10v6}/modlib/mnch1.mdt
getdata_643_> Protein accepted:  target
getdata_289_> Proteins (all/accepted):        1        1

Dynamically allocated memory at  amaxrestraints [B,KiB,MiB]:      2441372    2384.152     2.328
make_re_422_> Number of previous, current restraints         :     9332     9585
make_re_423_> Number of previous, current selected restraints:     9332     9585
make_re_417_> Restraint type to be calculated:  omega_dihedral

Dynamically allocated memory at   amaxstructure [B,KiB,MiB]:      2441372    2384.152     2.328
openf___224_> Open           ${MODINSTALL10v6}/modlib/omega.bin
openf___224_> Open           ${MODINSTALL10v6}/modlib/omega.mdt
getdata_643_> Protein accepted:  target
getdata_289_> Proteins (all/accepted):        1        1
omgdel__425_> Unselected all O C +N +CA dihedrals:      264
              (This is to avoid clashes between STEREO
              and OMEGA_DIHEDRAL restraints)

Dynamically allocated memory at  amaxrestraints [B,KiB,MiB]:      2572444    2512.152     2.453
make_re_422_> Number of previous, current restraints         :     9585     9839
make_re_423_> Number of previous, current selected restraints:     9585     9575
make_re_417_> Restraint type to be calculated:  chi1_dihedral

Dynamically allocated memory at   amaxstructure [B,KiB,MiB]:      2572444    2512.152     2.453
openf___224_> Open           ${MODINSTALL10v6}/modlib/chi1234.bin
openf___224_> Open           ${MODINSTALL10v6}/modlib/chi1.mdt
getdata_643_> Protein accepted:  target
getdata_289_> Proteins (all/accepted):        1        1
make_re_422_> Number of previous, current restraints         :     9839    10074
make_re_423_> Number of previous, current selected restraints:     9575     9810
make_re_417_> Restraint type to be calculated:  chi2_dihedral

Dynamically allocated memory at   amaxstructure [B,KiB,MiB]:      2572444    2512.152     2.453
openf___224_> Open           ${MODINSTALL10v6}/modlib/chi1234.bin
openf___224_> Open           ${MODINSTALL10v6}/modlib/chi2.mdt
getdata_643_> Protein accepted:  target
getdata_289_> Proteins (all/accepted):        1        1

Dynamically allocated memory at  amaxrestraints [B,KiB,MiB]:      2703516    2640.152     2.578
make_re_422_> Number of previous, current restraints         :    10074    10259
make_re_423_> Number of previous, current selected restraints:     9810     9995
make_re_417_> Restraint type to be calculated:  chi3_dihedral

Dynamically allocated memory at   amaxstructure [B,KiB,MiB]:      2703516    2640.152     2.578
openf___224_> Open           ${MODINSTALL10v6}/modlib/chi1234.bin
openf___224_> Open           ${MODINSTALL10v6}/modlib/chi3.mdt
getdata_643_> Protein accepted:  target
getdata_289_> Proteins (all/accepted):        1        1
make_re_422_> Number of previous, current restraints         :    10259    10338
make_re_423_> Number of previous, current selected restraints:     9995    10074
make_re_417_> Restraint type to be calculated:  chi4_dihedral

Dynamically allocated memory at   amaxstructure [B,KiB,MiB]:      2703516    2640.152     2.578
openf___224_> Open           ${MODINSTALL10v6}/modlib/chi1234.bin
openf___224_> Open           ${MODINSTALL10v6}/modlib/chi4.mdt
mdtrsr__446W> A potential that relies on one protein is used, yet you have at
              least one known structure available. MDT, not library, potential is used.
getdata_643_> Protein accepted:  target
getdata_289_> Proteins (all/accepted):        1        1
make_re_422_> Number of previous, current restraints         :    10338    10370
make_re_423_> Number of previous, current selected restraints:    10074    10106
make_re_417_> Restraint type to be calculated:  DISTANCE

Dynamically allocated memory at amaxhash_contac [B,KiB,MiB]:      3313752    3236.086     3.160
make_re_422_> Number of previous, current restraints         :    10370    15114
make_re_423_> Number of previous, current selected restraints:    10106    14850
make_re_417_> Restraint type to be calculated:  DISTANCE

Dynamically allocated memory at  amaxrestraints [B,KiB,MiB]:      3575896    3492.086     3.410

Dynamically allocated memory at  amaxrestraints [B,KiB,MiB]:      4100184    4004.086     3.910

Dynamically allocated memory at  amaxrestraints [B,KiB,MiB]:      4362328    4260.086     4.160
make_re_422_> Number of previous, current restraints         :    15114    20001
make_re_423_> Number of previous, current selected restraints:    14850    19737
make_re_417_> Restraint type to be calculated:  DISTANCE
make_re_422_> Number of previous, current restraints         :    20001    24029
make_re_423_> Number of previous, current selected restraints:    19737    23765
make_re_417_> Restraint type to be calculated:  DISTANCE

Dynamically allocated memory at  amaxrestraints [B,KiB,MiB]:      4624472    4516.086     4.410
make_re_422_> Number of previous, current restraints         :    24029    27100
make_re_423_> Number of previous, current selected restraints:    23765    26836
0 atoms in HETATM/BLK residues constrained
to protein atoms within 2.30 angstroms
and protein CA atoms within 10.00 angstroms
make_re_417_> Restraint type to be calculated:  DISTANCE
make_re_422_> Number of previous, current restraints         :    27100    27100
make_re_423_> Number of previous, current selected restraints:    26836    26836
make_re_417_> Restraint type to be calculated:  DISTANCE
make_re_422_> Number of previous, current restraints         :    27100    27100
make_re_423_> Number of previous, current selected restraints:    26836    26836
make_re_417_> Restraint type to be calculated:  DISTANCE
make_re_422_> Number of previous, current restraints         :    27100    27100
make_re_423_> Number of previous, current selected restraints:    26836    26836
make_re_417_> Restraint type to be calculated:  DISTANCE
make_re_422_> Number of previous, current restraints         :    27100    27100
make_re_423_> Number of previous, current selected restraints:    26836    26836
0 atoms in residues without defined topology
constrained to be rigid bodies
make_re_417_> Restraint type to be calculated:  DISTANCE
make_re_422_> Number of previous, current restraints         :    27100    27100
make_re_423_> Number of previous, current selected restraints:    26836    26836
rmdupl__427_>     1595 redundant cosine dihedral restraints were unselected.
condens_443_> Restraints marked for deletion were removed.
              Total number of restraints before, now:    27100    25241
openf___224_> Open           template.rsr
openf___224_> Open           template.rsr

Dynamically allocated memory at  amaxrestraints [B,KiB,MiB]:      4683093    4573.333     4.466
rdcsr2__307_> Number of restraints read    :    25241
              Number of excluded pairs read:        0
              Number of pseudo atoms read  :        0
rdcsrs__304_> Restraints in memory, selected restraints:    25241    25241
              Explicitly excluded atom pairs in memory :        0
              Pseudo atoms in memory                   :        0
openf___224_> Open           template.ini

Dynamically allocated memory at       amaxmodel [B,KiB,MiB]:      4683125    4573.364     4.466
read_mo_297_> Segments, residues, atoms:        1      255     2119
read_mo_298_> Segment:        1  1:A  255:A     2119
randomi_498_> Atoms,selected atoms,random_seed,amplitude:     2119     2119        1        4.0000
randomi_496_> Amplitude is > 0; randomization is done.
pick_re_612_> Number of MODEL atoms, selected restraints;     2119    13457
pick_re_612_> Number of MODEL atoms, selected restraints;     2119    15041
pick_re_612_> Number of MODEL atoms, selected restraints;     2119    15812
pick_re_612_> Number of MODEL atoms, selected restraints;     2119    16667
pick_re_612_> Number of MODEL atoms, selected restraints;     2119    17562
pick_re_612_> Number of MODEL atoms, selected restraints;     2119    18969
pick_re_612_> Number of MODEL atoms, selected restraints;     2119    20501
pick_re_612_> Number of MODEL atoms, selected restraints;     2119    22620

Dynamically allocated memory at  amaxrestraints [B,KiB,MiB]:      5026553    4908.743     4.794
pick_re_612_> Number of MODEL atoms, selected restraints;     2119    24864
pick_re_612_> Number of MODEL atoms, selected restraints;     2119    25226
pick_re_612_> Number of MODEL atoms, selected restraints;     2119    25241
iupac_m_486_> OE1/2 will be swapped:      117.6876       32  32
iupac_m_486_> OE1/2 will be swapped:     -176.0772       43  43
iupac_m_487_> NH1/2 swapped:      178.9807       49  49
iupac_m_487_> NH1/2 swapped:     -174.7215       58  58
iupac_m_487_> NH1/2 swapped:     -176.3035       70  70
iupac_m_487_> NH1/2 swapped:     -179.9344       75  75
iupac_m_485_> OD1/2 will be swapped:      108.5241       98  98
iupac_m_486_> OE1/2 will be swapped:      179.7693      133  133
iupac_m_485_> OD1/2 will be swapped:     -175.5186      136  136
iupac_m_486_> OE1/2 will be swapped:      122.8779      140  140
iupac_m_487_> NH1/2 swapped:      167.4344      192  192
iupac_m_487_> NH1/2 swapped:      173.9975      196  196
iupac_m_483_> CD1/2 CE1/2 swapped:       97.1851      225  225
iupac_m_397W> Atoms were not swapped because of the uncertainty of how to handle the H atom.
iupac_m_486_> OE1/2 will be swapped:      143.3932      226  226
iupac_m_486_> OE1/2 will be swapped:      158.9462      228  228
iupac_m_487_> NH1/2 swapped:     -174.8894      234  234
iupac_m_487_> NH1/2 swapped:     -172.7340      240  240
iupac_m_487_> NH1/2 swapped:      179.9477      243  243


>> ENERGY; Differences between the model's features and restraints:
Number of all residues in MODEL                   :      255
Number of all, selected real atoms                :     2119    2119
Number of all, selected pseudo atoms              :        0       0
Number of all static, selected restraints         :    25241   25241
COVALENT_CYS                                      :        F
NONBONDED_SEL_ATOMS                               :        1
Number of non-bonded pairs (excluding 1-2,1-3,1-4):     4595
Dynamic pairs routine                             : 2, NATM x NATM cell sorting
Atomic shift for contacts update (UPDATE_DYNAMIC) :    0.390
LENNARD_JONES_SWITCH                              :    6.500   7.500
COULOMB_JONES_SWITCH                              :    6.500   7.500
RESIDUE_SPAN_RANGE                                :        0   99999
NLOGN_USE                                         :       15
CONTACT_SHELL                                     :    4.000
DYNAMIC_PAIRS,_SPHERE,_COULOMB,_LENNARD,_MODELLER :        T       T       F       F       F
SPHERE_STDV                                       :    0.050
RADII_FACTOR                                      :    0.820
Current energy                                    :        1786.9792





Summary of the restraint violations: 

   NUM     ... number of restraints.
   NUMVI   ... number of restraints with RVIOL > VIOL_REPORT_CUT[i].
   RVIOL   ... relative difference from the best value.
   NUMVP   ... number of restraints with -Ln(pdf) > VIOL_REPORT_CUT2[i].
   RMS_1   ... RMS(feature, minimally_violated_basis_restraint, NUMB).
   RMS_2   ... RMS(feature, best_value, NUMB).
   MOL.PDF ... scaled contribution to -Ln(Molecular pdf).

 #                     RESTRAINT_GROUP      NUM   NUMVI  NUMVP   RMS_1   RMS_2         MOL.PDF     S_i
------------------------------------------------------------------------------------------------------
 1 Bond length potential              :    2170       0      0   0.006   0.006      19.775       1.000
 2 Bond angle potential               :    2936       1     12   2.164   2.164      268.38       1.000
 3 Stereochemical cosine torsion poten:    1433       0     45  47.926  47.926      511.28       1.000
 4 Stereochemical improper torsion pot:     930       0      0   1.313   1.313      34.140       1.000
 5 Soft-sphere overlap restraints     :    4595       0      0   0.002   0.002      2.4028       1.000
 6 Lennard-Jones 6-12 potential       :       0       0      0   0.000   0.000      0.0000       1.000
 7 Coulomb point-point electrostatic p:       0       0      0   0.000   0.000      0.0000       1.000
 8 H-bonding potential                :       0       0      0   0.000   0.000      0.0000       1.000
 9 Distance restraints 1 (CA-CA)      :    4744       0      0   0.123   0.123      67.715       1.000
10 Distance restraints 2 (N-O)        :    4887       3      9   0.196   0.196      151.68       1.000
11 Mainchain Phi dihedral restraints  :       0       0      0   0.000   0.000      0.0000       1.000
12 Mainchain Psi dihedral restraints  :       0       0      0   0.000   0.000      0.0000       1.000
13 Mainchain Omega dihedral restraints:     254       0      5   4.899   4.899      70.400       1.000
14 Sidechain Chi_1 dihedral restraints:     235       0      5  59.592  59.592      49.699       1.000
15 Sidechain Chi_2 dihedral restraints:     185       0      4  64.101  64.101      69.657       1.000
16 Sidechain Chi_3 dihedral restraints:      79       0      0  80.955  80.955      53.540       1.000
17 Sidechain Chi_4 dihedral restraints:      32       0      0  84.709  84.709      20.243       1.000
18 Disulfide distance restraints      :       1       0      0   0.002   0.002     0.77938E-03   1.000
19 Disulfide angle restraints         :       2       0      0   1.148   1.148     0.58207E-01   1.000
20 Disulfide dihedral angle restraints:       1       0      0  12.589  12.589     0.18856       1.000
21 Lower bound distance restraints    :       0       0      0   0.000   0.000      0.0000       1.000
22 Upper bound distance restraints    :       0       0      0   0.000   0.000      0.0000       1.000
23 Distance restraints 3 (SDCH-MNCH)  :    4028       0      0   0.417   0.417      119.98       1.000
24 Sidechain Chi_5 dihedral restraints:       0       0      0   0.000   0.000      0.0000       1.000
25 Phi/Psi pair of dihedral restraints:     253      19     25  26.665  47.857      93.766       1.000
26 Distance restraints 4 (SDCH-SDCH)  :    3071       0      4   0.812   0.812      254.07       1.000
27 Distance restraints 5 (X-Y)        :       0       0      0   0.000   0.000      0.0000       1.000
28 NMR distance restraints 6 (X-Y)    :       0       0      0   0.000   0.000      0.0000       1.000
29 NMR distance restraints 7 (X-Y)    :       0       0      0   0.000   0.000      0.0000       1.000
30 Minimal distance restraints        :       0       0      0   0.000   0.000      0.0000       1.000
31 Non-bonded restraints              :       0       0      0   0.000   0.000      0.0000       1.000
32 Atomic accessibility restraints    :       0       0      0   0.000   0.000      0.0000       1.000
33 Atomic density restraints          :       0       0      0   0.000   0.000      0.0000       1.000
34 Absolute position restraints       :       0       0      0   0.000   0.000      0.0000       1.000
35 Dihedral angle difference restraint:       0       0      0   0.000   0.000      0.0000       1.000
36 GBSA implicit solvent potential    :       0       0      0   0.000   0.000      0.0000       1.000
37 EM density fitting potential       :       0       0      0   0.000   0.000      0.0000       1.000
38 SAXS restraints                    :       0       0      0   0.000   0.000      0.0000       1.000
39 Symmetry restraints                :       0       0      0   0.000   0.000      0.0000       1.000



openf___224_> Open           template.V99990001
# Heavy relative violation of each residue is written to: template.V99990001
# The profile is NOT normalized by the number of restraints.
# The profiles are smoothed over a window of residues:    1
# The sum of all numbers in the file:   26614.4316



List of the violated restraints:
   A restraint is violated when the relative difference
   from the best value (RVIOL) is larger than CUTOFF.

   ICSR   ... index of a restraint in the current set.
   RESNO  ... residue numbers of the first two atoms.
   ATM    ... IUPAC atom names of the first two atoms.
   FEAT   ... the value of the feature in the model.
   restr  ... the mean of the basis restraint with the smallest
              difference from the model (local minimum).
   viol   ... difference from the local minimum.
   rviol  ... relative difference from the local minimum.
   RESTR  ... the best value (global minimum).
   VIOL   ... difference from the best value.
   RVIOL  ... relative difference from the best value.


-------------------------------------------------------------------------------------------------

Feature  2                           : Bond angle potential                    
List of the RVIOL violations larger than   :       4.5000

    #   ICSR  RESNO1/2 ATM1/2   INDATM1/2    FEAT   restr    viol   rviol   RESTR    VIOL   RVIOL
    1   4523 205P 205P N   CA   1690 1691  131.37  108.20   23.17    5.27  108.20   23.17    5.27

-------------------------------------------------------------------------------------------------

Feature 25                           : Phi/Psi pair of dihedral restraints     
List of the RVIOL violations larger than   :       6.5000

    #   ICSR  RESNO1/2 ATM1/2   INDATM1/2    FEAT   restr    viol   rviol   RESTR    VIOL   RVIOL
    1   7484  11N  12K C   N      84   86  -90.27  -62.90   66.61    7.67  -62.90   66.61    7.67
    1         12K  12K N   CA     86   87   19.92  -40.80                  -40.80
    2   7604 131L 132N C   N    1065 1067 -127.16 -119.90   44.12    1.83  -63.20  152.45   22.67
    2        132N 132N N   CA   1067 1068 -179.48  137.00                  -41.10
    3   7607 134N 135R C   N    1090 1092   72.88   57.30   28.38    1.49  -63.00  146.73   26.55
    3        135R 135R N   CA   1092 1093   14.27   38.00                  -41.10
    4   7660 187R 188I C   N    1527 1529  -82.67  -63.40   48.76    7.47  -63.40   48.76    7.47
    4        188I 188I N   CA   1529 1530    1.19  -43.60                  -43.60
    5   7677 204Y 205P C   N    1688 1690  -49.33  -58.70   26.10    1.56  -64.50  158.67   12.66
    5        205P 205P N   CA   1690 1691  -54.86  -30.50                  147.20
    6   7678 205P 206L C   N    1695 1697   30.92  -70.70  111.37    8.38 -108.50  144.12    6.50
    6        206L 206L N   CA   1697 1698   96.02  141.60                  132.50
    7   7689 216T 217D C   N    1788 1790   58.18   54.50    8.42    0.41  -63.30  141.89   24.21
    7        217D 217D N   CA   1790 1791   33.32   40.90                  -40.00
    8   7690 217D 218Q C   N    1796 1798 -140.92 -121.10   20.34    0.68  -63.80 -168.38   32.23
    8        218Q 218Q N   CA   1798 1799  144.28  139.70                  -40.30
    9   7691 218Q 219S C   N    1805 1807  169.09 -136.60   55.52    1.92  -64.10 -154.02   24.07
    9        219S 219S N   CA   1807 1808  162.68  151.20                  -35.00
   10   7693 220I 221H C   N    1819 1821 -153.04 -125.60   33.21    0.83  -63.20 -176.33   28.77
   10        221H 221H N   CA   1821 1822  157.50  138.80                  -42.30
   11   7694 221H 222F C   N    1829 1831 -140.79 -124.20   43.52    1.58  -63.20  153.26   26.17
   11        222F 222F N   CA   1831 1832 -176.46  143.30                  -44.30
   12   7695 222F 223Q C   N    1840 1842  -46.13  -73.00   30.21    1.87  -63.80  168.14   25.66
   12        223Q 223Q N   CA   1842 1843  126.90  140.70                  -40.30
   13   7696 223Q 224L C   N    1849 1851 -127.56  -63.50   96.01   12.16  -63.50   96.01   12.16
   13        224L 224L N   CA   1851 1852   30.31  -41.20                  -41.20
   14   7697 224L 225F C   N    1857 1859    0.83  -71.40   84.66    4.76  -63.20  154.72   25.64
   14        225F 225F N   CA   1859 1860   96.55  140.70                  -44.30
   15   7699 226E 227L C   N    1877 1879  159.36 -108.50  101.92    4.50  -63.50 -162.07   35.54
   15        227L 227L N   CA   1879 1880  176.08  132.50                  -41.20
   16   7700 227L 228E C   N    1885 1887  -95.74 -117.80   23.75    1.09  -63.60  177.06   25.42
   16        228E 228E N   CA   1887 1888  145.58  136.80                  -40.30
   17   7701 228E 229K C   N    1894 1896   77.14   56.60  108.42    9.34  -62.90 -136.54   26.32
   17        229K 229K N   CA   1896 1897  145.06   38.60                  -40.80
   18   7702 229K 230N C   N    1903 1905  -98.37 -119.90   36.53    1.13  -63.20  152.69   17.38
   18        230N 230N N   CA   1905 1906  107.49  137.00                  -41.10
   19   7707 234R 235N C   N    1949 1951  -95.93  -63.20   65.68    7.06  -63.20   65.68    7.06
   19        235N 235N N   CA   1951 1952   15.84  -41.10                  -41.10


report______> Distribution of short non-bonded contacts:


DISTANCE1:  0.00 2.10 2.20 2.30 2.40 2.50 2.60 2.70 2.80 2.90 3.00 3.10 3.20 3.30 3.40
DISTANCE2:  2.10 2.20 2.30 2.40 2.50 2.60 2.70 2.80 2.90 3.00 3.10 3.20 3.30 3.40 3.50
FREQUENCY:     0    0    0    0    1   10   37  107  147  181  185  224  304  347  357


<< end of ENERGY.
openf___224_> Open           template.B99990001.pdb
wrpdb___568_> Residues, atoms, selected atoms:      255     2119     2119
openf___224_> Open           $(LIB)/atmcls-melo.lib

Dynamically allocated memory at amaxgroup_restr [B,KiB,MiB]:      5026995    4909.175     4.794

Dynamically allocated memory at amaxgroup_restr [B,KiB,MiB]:      5027059    4909.237     4.794

Dynamically allocated memory at amaxgroup_restr [B,KiB,MiB]:      5027123    4909.300     4.794

Dynamically allocated memory at amaxgroup_restr [B,KiB,MiB]:      5027251    4909.425     4.794

Dynamically allocated memory at amaxgroup_restr [B,KiB,MiB]:      5027443    4909.612     4.795

Dynamically allocated memory at amaxgroup_restr [B,KiB,MiB]:      5027699    4909.862     4.795

Dynamically allocated memory at amaxgroup_restr [B,KiB,MiB]:      5028083    4910.237     4.795

Dynamically allocated memory at amaxgroup_restr [B,KiB,MiB]:      5028659    4910.800     4.796

Dynamically allocated memory at amaxgroup_restr [B,KiB,MiB]:      5028709    4910.849     4.796

Dynamically allocated memory at amaxgroup_restr [B,KiB,MiB]:      5028767    4910.905     4.796

Dynamically allocated memory at amaxgroup_restr [B,KiB,MiB]:      5029663    4911.780     4.797

Dynamically allocated memory at amaxgroup_restr [B,KiB,MiB]:      5031007    4913.093     4.798

Dynamically allocated memory at amaxgroup_restr [B,KiB,MiB]:      5031073    4913.157     4.798

Dynamically allocated memory at amaxgroup_restr [B,KiB,MiB]:      5033057    4915.095     4.800

Dynamically allocated memory at amaxgroup_restr [B,KiB,MiB]:      5033213    4915.247     4.800

Dynamically allocated memory at amaxgroup_restr [B,KiB,MiB]:      5036221    4918.185     4.803

Dynamically allocated memory at amaxgroup_restr [B,KiB,MiB]:      5036515    4918.472     4.803

Dynamically allocated memory at amaxgroup_restr [B,KiB,MiB]:      5037019    4918.964     4.804

Dynamically allocated memory at amaxgroup_restr [B,KiB,MiB]:      5038015    4919.937     4.805

Dynamically allocated memory at amaxgroup_restr [B,KiB,MiB]:      5042495    4924.312     4.809

Dynamically allocated memory at amaxgroup_restr [B,KiB,MiB]:      5044529    4926.298     4.811

Dynamically allocated memory at amaxgroup_restr [B,KiB,MiB]:      5048981    4930.646     4.815
openf___224_> Open           $(LIB)/melo1-dist.lib

Dynamically allocated memory at amaxgroup_restr [B,KiB,MiB]:      5049377    4931.032     4.815

Dynamically allocated memory at amaxgroup_restr [B,KiB,MiB]:      5050173    4931.810     4.816

Dynamically allocated memory at amaxgroup_restr [B,KiB,MiB]:      5050969    4932.587     4.817

Dynamically allocated memory at amaxgroup_restr [B,KiB,MiB]:      5052157    4933.747     4.818

Dynamically allocated memory at amaxgroup_restr [B,KiB,MiB]:      5052557    4934.138     4.818

Dynamically allocated memory at amaxgroup_restr [B,KiB,MiB]:      5053157    4934.724     4.819

Dynamically allocated memory at amaxgroup_restr [B,KiB,MiB]:      5054057    4935.603     4.820

Dynamically allocated memory at amaxgroup_restr [B,KiB,MiB]:      5055405    4936.919     4.821

Dynamically allocated memory at amaxgroup_restr [B,KiB,MiB]:      5057429    4938.896     4.823

Dynamically allocated memory at amaxgroup_restr [B,KiB,MiB]:      5057629    4939.091     4.823

Dynamically allocated memory at amaxgroup_restr [B,KiB,MiB]:      5060665    4942.056     4.826

Dynamically allocated memory at amaxgroup_restr [B,KiB,MiB]:      5060965    4942.349     4.827

Dynamically allocated memory at amaxgroup_restr [B,KiB,MiB]:      5065517    4946.794     4.831

Dynamically allocated memory at amaxgroup_restr [B,KiB,MiB]:      5065965    4947.231     4.831

Dynamically allocated memory at amaxgroup_restr [B,KiB,MiB]:      5072793    4953.899     4.838

Dynamically allocated memory at amaxgroup_restr [B,KiB,MiB]:      5073465    4954.556     4.838

Dynamically allocated memory at amaxgroup_restr [B,KiB,MiB]:      5083709    4964.560     4.848

Dynamically allocated memory at amaxgroup_restr [B,KiB,MiB]:      5084717    4965.544     4.849

Dynamically allocated memory at amaxgroup_restr [B,KiB,MiB]:      5085317    4966.130     4.850

Dynamically allocated memory at amaxgroup_restr [B,KiB,MiB]:      5085717    4966.521     4.850

Dynamically allocated memory at amaxgroup_restr [B,KiB,MiB]:      5101081    4981.524     4.865

Dynamically allocated memory at amaxgroup_restr [B,KiB,MiB]:      5102593    4983.001     4.866

Dynamically allocated memory at amaxgroup_restr [B,KiB,MiB]:      5103493    4983.880     4.867

Dynamically allocated memory at amaxgroup_restr [B,KiB,MiB]:      5104093    4984.466     4.868

Dynamically allocated memory at amaxgroup_restr [B,KiB,MiB]:      5127141    5006.974     4.890

Dynamically allocated memory at amaxgroup_restr [B,KiB,MiB]:      5129409    5009.188     4.892

Dynamically allocated memory at amaxgroup_restr [B,KiB,MiB]:      5130753    5010.501     4.893

Dynamically allocated memory at amaxgroup_restr [B,KiB,MiB]:      5131653    5011.380     4.894

Dynamically allocated memory at amaxgroup_restr [B,KiB,MiB]:      5166225    5045.142     4.927

Dynamically allocated memory at amaxgroup_restr [B,KiB,MiB]:      5169629    5048.466     4.930

Dynamically allocated memory at amaxgroup_restr [B,KiB,MiB]:      5171645    5050.435     4.932

Dynamically allocated memory at amaxgroup_restr [B,KiB,MiB]:      5172993    5051.751     4.933

Dynamically allocated memory at amaxgroup_restr [B,KiB,MiB]:      5224849    5102.392     4.983

Dynamically allocated memory at amaxgroup_restr [B,KiB,MiB]:      5229953    5107.376     4.988

Dynamically allocated memory at amaxgroup_restr [B,KiB,MiB]:      5232977    5110.329     4.991

Dynamically allocated memory at amaxgroup_restr [B,KiB,MiB]:      5235001    5112.306     4.992

Dynamically allocated memory at amaxgroup_restr [B,KiB,MiB]:      5312785    5188.267     5.067

Dynamically allocated memory at amaxgroup_restr [B,KiB,MiB]:      5320441    5195.743     5.074

Dynamically allocated memory at amaxgroup_restr [B,KiB,MiB]:      5324977    5200.173     5.078

Dynamically allocated memory at amaxgroup_restr [B,KiB,MiB]:      5328013    5203.138     5.081

Dynamically allocated memory at amaxgroup_restr [B,KiB,MiB]:      5444689    5317.079     5.192
read_pa_232_> parameters    BONDS   ANGLS  DIHEDS IMPROPS    MODE
                                0       0       0       0     820
openf___224_> Open           template.B99990001.pdb

Dynamically allocated memory at       amaxmodel [B,KiB,MiB]:      5444689    5317.079     5.192
read_mo_297_> Segments, residues, atoms:        1      255     2119
read_mo_298_> Segment:        1  1:A  255:A     2119

Dynamically allocated memory at   amaxalignment [B,KiB,MiB]:      5453036    5325.230     5.200

Dynamically allocated memory at   amaxstructure [B,KiB,MiB]:      5604909    5473.544     5.345

Dynamically allocated memory at   amaxalignment [B,KiB,MiB]:      5607772    5476.340     5.348

Dynamically allocated memory at   amaxstructure [B,KiB,MiB]:      5759645    5624.653     5.493

getf_______W> RTF restraint not found in the atoms list:
              residue type, indices:    13     1
              atom names           : N     -C    CA    CD
              atom indices         :     1     0     2     3

mkilst______> segment topology constructed from sequence and RTF:
              segments residues  atoms  bonds angles dihedrals impropers:
                     1      255   2118   2169      0         0       939

patch_______> segment topology patched using RTF:  1 ;  PRO  ;  PROP
              segments residues  atoms  bonds angles dihedrals impropers:
                     1      255   2118   2169   2934      3467       939

patch_______> segment topology patched using RTF:  255 ;  GLY  ;  CTER
              segments residues  atoms  bonds angles dihedrals impropers:
                     1      255   2119   2170   2936      3468       940

genseg______> segment topology constructed from sequence and RTF:
              segments residues  atoms  bonds angles dihedrals impropers:
                     1      255   2119   2170   2936      3468       940
openf___224_> Open           template.B99990001.pdb

Dynamically allocated memory at amaxcoordinates [B,KiB,MiB]:      5770682    5635.432     5.503

Dynamically allocated memory at    amaxsequence [B,KiB,MiB]:      5770758    5635.506     5.503

Dynamically allocated memory at amaxcoordinates [B,KiB,MiB]:      5770929    5635.673     5.504

Dynamically allocated memory at amaxcoordinates [B,KiB,MiB]:      5771779    5636.503     5.504

Dynamically allocated memory at amaxcoordinates [B,KiB,MiB]:      5773037    5637.731     5.506

Dynamically allocated memory at amaxcoordinates [B,KiB,MiB]:      5774941    5639.591     5.507

Dynamically allocated memory at    amaxsequence [B,KiB,MiB]:      5774981    5639.630     5.507

Dynamically allocated memory at amaxcoordinates [B,KiB,MiB]:      5775071    5639.718     5.508

Dynamically allocated memory at amaxcoordinates [B,KiB,MiB]:      5777927    5642.507     5.510

Dynamically allocated memory at    amaxsequence [B,KiB,MiB]:      5777987    5642.565     5.510

Dynamically allocated memory at amaxcoordinates [B,KiB,MiB]:      5778122    5642.697     5.510

Dynamically allocated memory at amaxcoordinates [B,KiB,MiB]:      5782406    5646.881     5.515

Dynamically allocated memory at    amaxsequence [B,KiB,MiB]:      5782494    5646.967     5.515

Dynamically allocated memory at amaxcoordinates [B,KiB,MiB]:      5782692    5647.160     5.515

Dynamically allocated memory at amaxcoordinates [B,KiB,MiB]:      5789118    5653.436     5.521

Dynamically allocated memory at    amaxsequence [B,KiB,MiB]:      5789250    5653.564     5.521

Dynamically allocated memory at amaxcoordinates [B,KiB,MiB]:      5789547    5653.854     5.521

Dynamically allocated memory at amaxcoordinates [B,KiB,MiB]:      5799169    5663.251     5.531

Dynamically allocated memory at    amaxsequence [B,KiB,MiB]:      5799369    5663.446     5.531

Dynamically allocated memory at amaxcoordinates [B,KiB,MiB]:      5799819    5663.886     5.531

Dynamically allocated memory at amaxcoordinates [B,KiB,MiB]:      5814269    5677.997     5.545

Dynamically allocated memory at    amaxsequence [B,KiB,MiB]:      5814569    5678.290     5.545

Dynamically allocated memory at amaxcoordinates [B,KiB,MiB]:      5815244    5678.949     5.546

Dynamically allocated memory at amaxcoordinates [B,KiB,MiB]:      5836902    5700.100     5.567

Dynamically allocated memory at    amaxsequence [B,KiB,MiB]:      5837350    5700.537     5.567

Dynamically allocated memory at amaxcoordinates [B,KiB,MiB]:      5838358    5701.521     5.568

Dynamically allocated memory at amaxcoordinates [B,KiB,MiB]:      5870862    5733.264     5.599

Dynamically allocated memory at       amaxmodel [B,KiB,MiB]:      6102734    5959.701     5.820
read_mo_297_> Segments, residues, atoms:        1      255     2119
read_mo_298_> Segment:        1  1:A  255:A     2119
  #      ALGNMT CODE

  1  template
  2  template
transfe_506_> MODEL is an average of all templates.
transfe_511_> Number of templates for coordinate transfer:        1
              After transferring coordinates of the equivalent template atoms,
              there are defined, undefined atoms in MODEL:     2119        0
openf___224_> Open           alignment.ali

Dynamically allocated memory at   amaxalignment [B,KiB,MiB]:      5778513    5643.079     5.511

Dynamically allocated memory at   amaxalignment [B,KiB,MiB]:      5793605    5657.817     5.525

Dynamically allocated memory at   amaxalignment [B,KiB,MiB]:      5809005    5672.856     5.540

Dynamically allocated memory at   amaxalignment [B,KiB,MiB]:      5839805    5702.935     5.569

Dynamically allocated memory at   amaxalignment [B,KiB,MiB]:      5901405    5763.091     5.628

Dynamically allocated memory at    amaxsequence [B,KiB,MiB]:      5902353    5764.017     5.629

Dynamically allocated memory at    amaxsequence [B,KiB,MiB]:      5903369    5765.009     5.630

Read the alignment from file       : alignment.ali

Total number of alignment positions:   255

  #  Code        #_Res #_Segm PDB_code    Name
-------------------------------------------------------------------------------
  1     target     238      1 /curate/inp MOL_ID  1; MOLECULE  PROTEIN (SPORE COAT POLYSACCHARIDE BIOSYNTHESIS P SPSA); CH
  2   template     255      1    template
60 atoms selected for loop refinement
make_re_417_> Restraint type to be calculated:  bond
r_stere_606_> Stereochemical restraints were constructed from RTF & PRMF.
              Added bond,angle,dihedral,improper restraints  :       61       0       0       0
              Total number of restraints before, now         :        0       61
make_re_422_> Number of previous, current restraints         :        0       61
make_re_423_> Number of previous, current selected restraints:        0       61
make_re_417_> Restraint type to be calculated:  angle
r_stere_606_> Stereochemical restraints were constructed from RTF & PRMF.
              Added bond,angle,dihedral,improper restraints  :        0      84       0       0
              Total number of restraints before, now         :       61      145
make_re_422_> Number of previous, current restraints         :       61      145
make_re_423_> Number of previous, current selected restraints:       61      145
make_re_417_> Restraint type to be calculated:  improper
r_stere_606_> Stereochemical restraints were constructed from RTF & PRMF.
              Added bond,angle,dihedral,improper restraints  :        0       0       0      24
              Total number of restraints before, now         :      145      169
make_re_422_> Number of previous, current restraints         :      145      169
make_re_423_> Number of previous, current selected restraints:      145      169
make_re_417_> Restraint type to be calculated:  dihedral
r_stere_606_> Stereochemical restraints were constructed from RTF & PRMF.
              Added bond,angle,dihedral,improper restraints  :        0       0      88       0
              Total number of restraints before, now         :      169      257
make_re_422_> Number of previous, current restraints         :      169      257
make_re_423_> Number of previous, current selected restraints:      169      257
make_re_417_> Restraint type to be calculated:  phi-psi_binormal

Dynamically allocated memory at   amaxstructure [B,KiB,MiB]:      5759645    5624.653     5.493
openf___224_> Open           ${MODINSTALL10v6}/modlib/mnch1.bin
openf___224_> Open           ${MODINSTALL10v6}/modlib/mnch1.mdt
getdata_643_> Protein accepted:  template
getdata_289_> Proteins (all/accepted):        1        1
make_re_422_> Number of previous, current restraints         :      257      266
make_re_423_> Number of previous, current selected restraints:      257      266
make_re_417_> Restraint type to be calculated:  omega_dihedral

Dynamically allocated memory at   amaxstructure [B,KiB,MiB]:      5759661    5624.669     5.493
openf___224_> Open           ${MODINSTALL10v6}/modlib/omega.bin
openf___224_> Open           ${MODINSTALL10v6}/modlib/omega.mdt
getdata_643_> Protein accepted:  template
getdata_289_> Proteins (all/accepted):        1        1
omgdel__425_> Unselected all O C +N +CA dihedrals:        8
              (This is to avoid clashes between STEREO
              and OMEGA_DIHEDRAL restraints)
make_re_422_> Number of previous, current restraints         :      266      274
make_re_423_> Number of previous, current selected restraints:      266      266
make_re_417_> Restraint type to be calculated:  chi1_dihedral

Dynamically allocated memory at   amaxstructure [B,KiB,MiB]:      5759661    5624.669     5.493
openf___224_> Open           ${MODINSTALL10v6}/modlib/chi1234.bin
openf___224_> Open           ${MODINSTALL10v6}/modlib/chi1.mdt
getdata_643_> Protein accepted:  template
getdata_289_> Proteins (all/accepted):        1        1
make_re_422_> Number of previous, current restraints         :      274      281
make_re_423_> Number of previous, current selected restraints:      266      273
make_re_417_> Restraint type to be calculated:  chi2_dihedral

Dynamically allocated memory at   amaxstructure [B,KiB,MiB]:      5759661    5624.669     5.493
openf___224_> Open           ${MODINSTALL10v6}/modlib/chi1234.bin
openf___224_> Open           ${MODINSTALL10v6}/modlib/chi2.mdt
getdata_643_> Protein accepted:  template
getdata_289_> Proteins (all/accepted):        1        1
make_re_422_> Number of previous, current restraints         :      281      288
make_re_423_> Number of previous, current selected restraints:      273      280
make_re_417_> Restraint type to be calculated:  chi3_dihedral

Dynamically allocated memory at   amaxstructure [B,KiB,MiB]:      5759661    5624.669     5.493
openf___224_> Open           ${MODINSTALL10v6}/modlib/chi1234.bin
openf___224_> Open           ${MODINSTALL10v6}/modlib/chi3.mdt
getdata_643_> Protein accepted:  template
getdata_289_> Proteins (all/accepted):        1        1
make_re_422_> Number of previous, current restraints         :      288      290
make_re_423_> Number of previous, current selected restraints:      280      282
make_re_417_> Restraint type to be calculated:  chi4_dihedral

Dynamically allocated memory at   amaxstructure [B,KiB,MiB]:      5759661    5624.669     5.493
openf___224_> Open           ${MODINSTALL10v6}/modlib/chi1234.bin
openf___224_> Open           ${MODINSTALL10v6}/modlib/chi4.mdt
mdtrsr__446W> A potential that relies on one protein is used, yet you have at
              least one known structure available. MDT, not library, potential is used.
getdata_643_> Protein accepted:  template
getdata_289_> Proteins (all/accepted):        1        1
make_re_422_> Number of previous, current restraints         :      290      291
make_re_423_> Number of previous, current selected restraints:      282      283
pick_re_612_> Number of MODEL atoms, selected restraints;       60      291
rmdupl__427_>       48 redundant cosine dihedral restraints were unselected.
condens_443_> Restraints marked for deletion were removed.
              Total number of restraints before, now:      291      243
openf___224_> Open           template.lrsr
preppdf_457W> Both soft sphere and statistical potential terms selected.


>> ENERGY; Differences between the model's features and restraints:
Number of all residues in MODEL                   :      255
Number of all, selected real atoms                :     2119      60
Number of all, selected pseudo atoms              :        0       0
Number of all static, selected restraints         :      243     243
COVALENT_CYS                                      :        F
NONBONDED_SEL_ATOMS                               :        1
Number of non-bonded pairs (excluding 1-2,1-3,1-4):     1341
Dynamic pairs routine                             : 5, NATM_SEL x NATM double loop
Atomic shift for contacts update (UPDATE_DYNAMIC) :    0.390
LENNARD_JONES_SWITCH                              :    6.500   7.500
COULOMB_JONES_SWITCH                              :    6.500   7.500
RESIDUE_SPAN_RANGE                                :        0   99999
NLOGN_USE                                         :       15
CONTACT_SHELL                                     :    7.000
DYNAMIC_PAIRS,_SPHERE,_COULOMB,_LENNARD,_MODELLER :        T       T       F       F       T
SPHERE_STDV                                       :    0.050
RADII_FACTOR                                      :    0.820
Current energy                                    :          90.1531





Summary of the restraint violations: 

   NUM     ... number of restraints.
   NUMVI   ... number of restraints with RVIOL > VIOL_REPORT_CUT[i].
   RVIOL   ... relative difference from the best value.
   NUMVP   ... number of restraints with -Ln(pdf) > VIOL_REPORT_CUT2[i].
   RMS_1   ... RMS(feature, minimally_violated_basis_restraint, NUMB).
   RMS_2   ... RMS(feature, best_value, NUMB).
   MOL.PDF ... scaled contribution to -Ln(Molecular pdf).

 #                     RESTRAINT_GROUP      NUM   NUMVI  NUMVP   RMS_1   RMS_2         MOL.PDF     S_i
------------------------------------------------------------------------------------------------------
 1 Bond length potential              :      61       0      0   0.002   0.002     0.52608E-01   1.000
 2 Bond angle potential               :      84       0      0   0.962   0.962      1.4776       1.000
 3 Stereochemical cosine torsion poten:      40       0      3  47.515  47.515      15.301       1.000
 4 Stereochemical improper torsion pot:      24       0      0   0.828   0.828     0.34775       1.000
 5 Soft-sphere overlap restraints     :    1341       0      0   0.000   0.000     0.32359E-02   1.000
 6 Lennard-Jones 6-12 potential       :       0       0      0   0.000   0.000      0.0000       1.000
 7 Coulomb point-point electrostatic p:       0       0      0   0.000   0.000      0.0000       1.000
 8 H-bonding potential                :       0       0      0   0.000   0.000      0.0000       1.000
 9 Distance restraints 1 (CA-CA)      :       0       0      0   0.000   0.000      0.0000       1.000
10 Distance restraints 2 (N-O)        :       0       0      0   0.000   0.000      0.0000       1.000
11 Mainchain Phi dihedral restraints  :       0       0      0   0.000   0.000      0.0000       1.000
12 Mainchain Psi dihedral restraints  :       0       0      0   0.000   0.000      0.0000       1.000
13 Mainchain Omega dihedral restraints:       8       0      0   2.841   2.841     0.76207       1.000
14 Sidechain Chi_1 dihedral restraints:       7       0      0  66.641  66.641     0.67852       1.000
15 Sidechain Chi_2 dihedral restraints:       7       0      0  99.771  99.771      4.4811       1.000
16 Sidechain Chi_3 dihedral restraints:       2       0      0 127.071 127.071      1.3644       1.000
17 Sidechain Chi_4 dihedral restraints:       1       0      0  94.818  94.818     0.72420       1.000
18 Disulfide distance restraints      :       0       0      0   0.000   0.000      0.0000       1.000
19 Disulfide angle restraints         :       0       0      0   0.000   0.000      0.0000       1.000
20 Disulfide dihedral angle restraints:       0       0      0   0.000   0.000      0.0000       1.000
21 Lower bound distance restraints    :       0       0      0   0.000   0.000      0.0000       1.000
22 Upper bound distance restraints    :       0       0      0   0.000   0.000      0.0000       1.000
23 Distance restraints 3 (SDCH-MNCH)  :       0       0      0   0.000   0.000      0.0000       1.000
24 Sidechain Chi_5 dihedral restraints:       0       0      0   0.000   0.000      0.0000       1.000
25 Phi/Psi pair of dihedral restraints:       9       6      2  25.183 132.217      6.7637       1.000
26 Distance restraints 4 (SDCH-SDCH)  :       0       0      0   0.000   0.000      0.0000       1.000
27 Distance restraints 5 (X-Y)        :       0       0      0   0.000   0.000      0.0000       1.000
28 NMR distance restraints 6 (X-Y)    :       0       0      0   0.000   0.000      0.0000       1.000
29 NMR distance restraints 7 (X-Y)    :       0       0      0   0.000   0.000      0.0000       1.000
30 Minimal distance restraints        :       0       0      0   0.000   0.000      0.0000       1.000
31 Non-bonded restraints              :    1341       0      7   1.844   1.844      58.197       1.000
32 Atomic accessibility restraints    :       0       0      0   0.000   0.000      0.0000       1.000
33 Atomic density restraints          :       0       0      0   0.000   0.000      0.0000       1.000
34 Absolute position restraints       :       0       0      0   0.000   0.000      0.0000       1.000
35 Dihedral angle difference restraint:       0       0      0   0.000   0.000      0.0000       1.000
36 GBSA implicit solvent potential    :       0       0      0   0.000   0.000      0.0000       1.000
37 EM density fitting potential       :       0       0      0   0.000   0.000      0.0000       1.000
38 SAXS restraints                    :       0       0      0   0.000   0.000      0.0000       1.000
39 Symmetry restraints                :       0       0      0   0.000   0.000      0.0000       1.000



List of the violated restraints:
   A restraint is violated when the relative difference
   from the best value (RVIOL) is larger than CUTOFF.

   ICSR   ... index of a restraint in the current set.
   RESNO  ... residue numbers of the first two atoms.
   ATM    ... IUPAC atom names of the first two atoms.
   FEAT   ... the value of the feature in the model.
   restr  ... the mean of the basis restraint with the smallest
              difference from the model (local minimum).
   viol   ... difference from the local minimum.
   rviol  ... relative difference from the local minimum.
   RESTR  ... the best value (global minimum).
   VIOL   ... difference from the best value.
   RVIOL  ... relative difference from the best value.


-------------------------------------------------------------------------------------------------

Feature 25                           : Phi/Psi pair of dihedral restraints     
List of the RVIOL violations larger than   :       6.5000

    #   ICSR  RESNO1/2 ATM1/2   INDATM1/2    FEAT   restr    viol   rviol   RESTR    VIOL   RVIOL
    1    210 129Y 130H C   N    1047 1049  -99.71 -125.60   27.79    0.77  -63.20  174.86   19.84
    1        130H 130H N   CA   1049 1050  128.71  138.80                  -42.30
    2    211 130H 131L C   N    1057 1059 -106.09 -108.50   22.16    1.22  -63.50  169.70   26.18
    2        131L 131L N   CA   1059 1060  154.53  132.50                  -41.20
    3    212 131L 132N C   N    1065 1067 -127.11 -119.90   44.13    1.83  -63.20  152.41   22.66
    3        132N 132N N   CA   1067 1068 -179.47  137.00                  -41.10
    4    215 134N 135R C   N    1090 1092   72.85   57.30   28.37    1.49  -63.00  146.70   26.54
    4        135R 135R N   CA   1092 1093   14.27   38.00                  -41.10
    5    216 135R 136D C   N    1101 1103  -83.90  -70.90   33.59    1.15  -63.30  140.24   18.62
    5        136D 136D N   CA   1103 1104 -178.72  150.30                  -40.00
    6    218 137I 138V C   N    1117 1119  -68.63  -62.40    7.21    1.23 -125.40  179.87   10.03
    6        138V 138V N   CA   1119 1120  -46.03  -42.40                  143.30


report______> Distribution of short non-bonded contacts:

  serious non-bonded atom clash:  1246 2012   2.027

DISTANCE1:  0.00 2.10 2.20 2.30 2.40 2.50 2.60 2.70 2.80 2.90 3.00 3.10 3.20 3.30 3.40
DISTANCE2:  2.10 2.20 2.30 2.40 2.50 2.60 2.70 2.80 2.90 3.00 3.10 3.20 3.30 3.40 3.50
FREQUENCY:     1    0    0    0    1   10   37  107  148  179  188  223  305  346  359


<< end of ENERGY.
openf___224_> Open           template.IL00000001.pdb
wrpdb___568_> Residues, atoms, selected atoms:      255     2119     2119
openf___224_> Open           template.IL00000001.pdb

Dynamically allocated memory at       amaxmodel [B,KiB,MiB]:      6052305    5910.454     5.772
read_mo_297_> Segments, residues, atoms:        1      255     2119
read_mo_298_> Segment:        1  1:A  255:A     2119
randomi_498_> Atoms,selected atoms,random_seed,amplitude:     2119       60        1        5.0000
randomi_496_> Amplitude is > 0; randomization is done.
preppdf_457W> Both soft sphere and statistical potential terms selected.
preppdf_457W> Both soft sphere and statistical potential terms selected.
preppdf_457W> Both soft sphere and statistical potential terms selected.
preppdf_457W> Both soft sphere and statistical potential terms selected.
preppdf_457W> Both soft sphere and statistical potential terms selected.
preppdf_457W> Both soft sphere and statistical potential terms selected.
preppdf_457W> Both soft sphere and statistical potential terms selected.
preppdf_457W> Both soft sphere and statistical potential terms selected.
preppdf_457W> Both soft sphere and statistical potential terms selected.
preppdf_457W> Both soft sphere and statistical potential terms selected.
preppdf_457W> Both soft sphere and statistical potential terms selected.
preppdf_457W> Both soft sphere and statistical potential terms selected.
preppdf_457W> Both soft sphere and statistical potential terms selected.
preppdf_457W> Both soft sphere and statistical potential terms selected.
preppdf_457W> Both soft sphere and statistical potential terms selected.
preppdf_457W> Both soft sphere and statistical potential terms selected.
preppdf_457W> Both soft sphere and statistical potential terms selected.
preppdf_457W> Both soft sphere and statistical potential terms selected.
preppdf_457W> Both soft sphere and statistical potential terms selected.
preppdf_457W> Both soft sphere and statistical potential terms selected.
preppdf_457W> Both soft sphere and statistical potential terms selected.
preppdf_457W> Both soft sphere and statistical potential terms selected.
preppdf_457W> Both soft sphere and statistical potential terms selected.
preppdf_457W> Both soft sphere and statistical potential terms selected.
preppdf_457W> Both soft sphere and statistical potential terms selected.
preppdf_457W> Both soft sphere and statistical potential terms selected.
preppdf_457W> Both soft sphere and statistical potential terms selected.
preppdf_457W> Both soft sphere and statistical potential terms selected.
preppdf_457W> Both soft sphere and statistical potential terms selected.


>> ENERGY; Differences between the model's features and restraints:
Number of all residues in MODEL                   :      255
Number of all, selected real atoms                :     2119      60
Number of all, selected pseudo atoms              :        0       0
Number of all static, selected restraints         :      243     243
COVALENT_CYS                                      :        F
NONBONDED_SEL_ATOMS                               :        1
Number of non-bonded pairs (excluding 1-2,1-3,1-4):     1333
Dynamic pairs routine                             : 5, NATM_SEL x NATM double loop
Atomic shift for contacts update (UPDATE_DYNAMIC) :    0.390
LENNARD_JONES_SWITCH                              :    6.500   7.500
COULOMB_JONES_SWITCH                              :    6.500   7.500
RESIDUE_SPAN_RANGE                                :        0   99999
NLOGN_USE                                         :       15
CONTACT_SHELL                                     :    7.000
DYNAMIC_PAIRS,_SPHERE,_COULOMB,_LENNARD,_MODELLER :        T       T       F       F       T
SPHERE_STDV                                       :    0.050
RADII_FACTOR                                      :    0.820
Current energy                                    :           9.5826





Summary of the restraint violations: 

   NUM     ... number of restraints.
   NUMVI   ... number of restraints with RVIOL > VIOL_REPORT_CUT[i].
   RVIOL   ... relative difference from the best value.
   NUMVP   ... number of restraints with -Ln(pdf) > VIOL_REPORT_CUT2[i].
   RMS_1   ... RMS(feature, minimally_violated_basis_restraint, NUMB).
   RMS_2   ... RMS(feature, best_value, NUMB).
   MOL.PDF ... scaled contribution to -Ln(Molecular pdf).

adding gasteiger charges to peptide
 #                     RESTRAINT_GROUP      NUM   NUMVI  NUMVP   RMS_1   RMS_2         MOL.PDF     S_i
------------------------------------------------------------------------------------------------------
 1 Bond length potential              :      61       0      0   0.010   0.010      1.6038       1.000
 2 Bond angle potential               :      84       0      0   2.413   2.413      8.7940       1.000
 3 Stereochemical cosine torsion poten:      40       0      2  43.312  43.312      13.943       1.000
 4 Stereochemical improper torsion pot:      24       0      0   1.699   1.699      1.8095       1.000
 5 Soft-sphere overlap restraints     :    1333       0      0   0.000   0.000     0.14431E-01   1.000
 6 Lennard-Jones 6-12 potential       :       0       0      0   0.000   0.000      0.0000       1.000
 7 Coulomb point-point electrostatic p:       0       0      0   0.000   0.000      0.0000       1.000
 8 H-bonding potential                :       0       0      0   0.000   0.000      0.0000       1.000
 9 Distance restraints 1 (CA-CA)      :       0       0      0   0.000   0.000      0.0000       1.000
10 Distance restraints 2 (N-O)        :       0       0      0   0.000   0.000      0.0000       1.000
11 Mainchain Phi dihedral restraints  :       0       0      0   0.000   0.000      0.0000       1.000
12 Mainchain Psi dihedral restraints  :       0       0      0   0.000   0.000      0.0000       1.000
13 Mainchain Omega dihedral restraints:       8       0      0   4.897   4.897      2.2645       1.000
14 Sidechain Chi_1 dihedral restraints:       7       0      1  60.734  60.734      4.7010       1.000
15 Sidechain Chi_2 dihedral restraints:       7       0      0  93.796  93.796      3.8373       1.000
16 Sidechain Chi_3 dihedral restraints:       2       0      0 103.840 103.840      2.2862       1.000
17 Sidechain Chi_4 dihedral restraints:       1       0      0 156.332 156.332      1.1838       1.000
18 Disulfide distance restraints      :       0       0      0   0.000   0.000      0.0000       1.000
19 Disulfide angle restraints         :       0       0      0   0.000   0.000      0.0000       1.000
20 Disulfide dihedral angle restraints:       0       0      0   0.000   0.000      0.0000       1.000
21 Lower bound distance restraints    :       0       0      0   0.000   0.000      0.0000       1.000
22 Upper bound distance restraints    :       0       0      0   0.000   0.000      0.0000       1.000
23 Distance restraints 3 (SDCH-MNCH)  :       0       0      0   0.000   0.000      0.0000       1.000
24 Sidechain Chi_5 dihedral restraints:       0       0      0   0.000   0.000      0.0000       1.000
25 Phi/Psi pair of dihedral restraints:       9       6      2  36.321 139.411      9.4376       1.000
26 Distance restraints 4 (SDCH-SDCH)  :       0       0      0   0.000   0.000      0.0000       1.000
27 Distance restraints 5 (X-Y)        :       0       0      0   0.000   0.000      0.0000       1.000
28 NMR distance restraints 6 (X-Y)    :       0       0      0   0.000   0.000      0.0000       1.000
29 NMR distance restraints 7 (X-Y)    :       0       0      0   0.000   0.000      0.0000       1.000
30 Minimal distance restraints        :       0       0      0   0.000   0.000      0.0000       1.000
31 Non-bonded restraints              :    1333       0      1   1.795   1.795     -40.292       1.000
32 Atomic accessibility restraints    :       0       0      0   0.000   0.000      0.0000       1.000
33 Atomic density restraints          :       0       0      0   0.000   0.000      0.0000       1.000
34 Absolute position restraints       :       0       0      0   0.000   0.000      0.0000       1.000
35 Dihedral angle difference restraint:       0       0      0   0.000   0.000      0.0000       1.000
36 GBSA implicit solvent potential    :       0       0      0   0.000   0.000      0.0000       1.000
37 EM density fitting potential       :       0       0      0   0.000   0.000      0.0000       1.000
38 SAXS restraints                    :       0       0      0   0.000   0.000      0.0000       1.000
39 Symmetry restraints                :       0       0      0   0.000   0.000      0.0000       1.000



List of the violated restraints:
   A restraint is violated when the relative difference
   from the best value (RVIOL) is larger than CUTOFF.

   ICSR   ... index of a restraint in the current set.
   RESNO  ... residue numbers of the first two atoms.
   ATM    ... IUPAC atom names of the first two atoms.
   FEAT   ... the value of the feature in the model.
   restr  ... the mean of the basis restraint with the smallest
              difference from the model (local minimum).
   viol   ... difference from the local minimum.
   rviol  ... relative difference from the local minimum.
   RESTR  ... the best value (global minimum).
   VIOL   ... difference from the best value.
   RVIOL  ... relative difference from the best value.


-------------------------------------------------------------------------------------------------

Feature 25                           : Phi/Psi pair of dihedral restraints     
List of the RVIOL violations larger than   :       6.5000

    #   ICSR  RESNO1/2 ATM1/2   INDATM1/2    FEAT   restr    viol   rviol   RESTR    VIOL   RVIOL
    1    210 129Y 130H C   N    1047 1049  -99.71 -125.60   32.61    0.80  -63.20  165.36   18.67
    1        130H 130H N   CA   1049 1050  118.98  138.80                  -42.30
    2    211 130H 131L C   N    1057 1059 -129.78 -108.50   24.85    1.10  -63.50 -174.30   29.89
    2        131L 131L N   CA   1059 1060  145.34  132.50                  -41.20
    3    212 131L 132N C   N    1065 1067 -161.16 -119.90   87.56    2.94  -63.20  143.35   23.05
    3        132N 132N N   CA   1067 1068 -145.77  137.00                  -41.10
    4    214 133E 134N C   N    1082 1084  -67.04  -71.20    4.27    0.33  -63.20  175.18   22.11
    4        134N 134N N   CA   1084 1085  143.76  142.80                  -41.10
    5    216 135R 136D C   N    1101 1103 -102.98  -70.90   34.96    2.05  -63.30  160.79   22.40
    5        136D 136D N   CA   1103 1104  164.18  150.30                  -40.00
    6    218 137I 138V C   N    1117 1119  -65.58  -62.40    4.82    0.80 -125.40 -179.15   10.12
    6        138V 138V N   CA   1119 1120  -46.03  -42.40                  143.30


report______> Distribution of short non-bonded contacts:

  serious non-bonded atom clash:  1246 2012   2.027

DISTANCE1:  0.00 2.10 2.20 2.30 2.40 2.50 2.60 2.70 2.80 2.90 3.00 3.10 3.20 3.30 3.40
DISTANCE2:  2.10 2.20 2.30 2.40 2.50 2.60 2.70 2.80 2.90 3.00 3.10 3.20 3.30 3.40 3.50
FREQUENCY:     1    0    0    0    1   11   35  113  143  179  186  228  315  347  363


<< end of ENERGY.
iupac_m_487_> NH1/2 swapped:     -169.4044      135  135
iupac_m_485_> OD1/2 will be swapped:     -180.0000      136  136
openf___224_> Open           template.BL00010001.pdb
wrpdb___568_> Residues, atoms, selected atoms:      255     2119     2119

>> Summary of successfully produced models:
Filename                          molpdf
----------------------------------------
template.B99990001.pdb        1786.97925


>> Summary of successfully produced loop models:
Filename                          molpdf
----------------------------------------
template.BL00010001.pdb          9.58263

 [Protein_prep] Start fixing: /curate/protein_prep/modeller/modeller.pdb
 [Protein_prep] Done. Final file: '/curate/protein_prep/minimization/add_missing_atoms.pdb'

 [Protein_prep] Solvating (TIP3P) and Minimizing: /curate/protein_prep/minimization/add_missing_atoms.pdb
 [Protein_prep] Done. Final file: /curate/protein_prep/minimization/minimized.pdb
check
['vina', 'gnina', 'ad4']
 Copying output back into Nextflow work directory...
